TN:
SF:C:/Users/david/Documents/david's training/Project3/janus-webapp/client-side/src/polyfills.ts
FNF:0
FNH:0
DA:41,1
DA:42,1
DA:56,1
LF:3
LH:3
BRF:0
BRH:0
end_of_record
TN:
SF:C:/Users/david/Documents/david's training/Project3/janus-webapp/client-side/src/test.ts
FN:20,(anonymous_0)
FNF:1
FNH:1
FNDA:1,(anonymous_0)
DA:3,1
DA:4,1
DA:5,1
DA:6,1
DA:7,1
DA:8,1
DA:9,1
DA:10,1
DA:20,1
DA:23,1
DA:28,1
DA:30,1
DA:32,1
LF:13
LH:13
BRF:0
BRH:0
end_of_record
TN:
SF:C:/Users/david/Documents/david's training/Project3/janus-webapp/client-side/src/app/app.component.ts
FN:8,(anonymous_1)
FN:3,AppComponent
FNF:2
FNH:1
FNDA:1,(anonymous_1)
FNDA:0,AppComponent
DA:1,1
DA:8,1
DA:9,0
DA:10,1
LF:4
LH:3
BRF:0
BRH:0
end_of_record
TN:
SF:C:/Users/david/Documents/david's training/Project3/janus-webapp/client-side/src/app/app.test.module.ts
FNF:0
FNH:0
DA:1,1
DA:3,1
DA:4,1
DA:5,1
DA:6,1
DA:8,1
DA:9,1
DA:11,1
DA:14,1
DA:15,1
DA:16,1
DA:23,1
DA:27,1
DA:43,1
LF:14
LH:14
BRF:0
BRH:0
end_of_record
TN:
SF:C:/Users/david/Documents/david's training/Project3/janus-webapp/client-side/src/app/role-guard.ts
FN:23,(anonymous_2)
FN:25,RoleGuard
FN:37,(anonymous_4)
FNF:3
FNH:1
FNDA:1,(anonymous_2)
FNDA:0,RoleGuard
FNDA:0,(anonymous_4)
DA:1,1
DA:3,1
DA:23,1
DA:25,0
DA:37,1
DA:38,0
DA:40,1
DA:46,1
LF:8
LH:6
BRDA:25,0,0,1
BRDA:25,0,1,0
BRDA:25,1,0,1
BRF:3
BRH:2
end_of_record
TN:
SF:C:/Users/david/Documents/david's training/Project3/janus-webapp/client-side/src/app/Janus/janus.component.ts
FN:12,(anonymous_2)
FN:14,JanusComponent
FN:18,(anonymous_4)
FNF:3
FNH:1
FNDA:1,(anonymous_2)
FNDA:0,JanusComponent
FNDA:0,(anonymous_4)
DA:1,1
DA:12,1
DA:18,1
DA:21,1
LF:4
LH:4
BRF:0
BRH:0
end_of_record
TN:
SF:C:/Users/david/Documents/david's training/Project3/janus-webapp/client-side/src/app/dashboard/dashboard.component.ts
FN:13,(anonymous_2)
FN:15,DashboardComponent
FN:17,(anonymous_4)
FNF:3
FNH:1
FNDA:1,(anonymous_2)
FNDA:0,DashboardComponent
FNDA:0,(anonymous_4)
DA:1,1
DA:4,1
DA:5,1
DA:13,1
DA:14,0
DA:15,0
DA:17,1
DA:18,0
DA:21,1
LF:9
LH:6
BRDA:15,0,0,1
BRDA:15,0,1,0
BRDA:15,1,0,1
BRF:3
BRH:2
end_of_record
TN:
SF:C:/Users/david/Documents/david's training/Project3/janus-webapp/client-side/src/app/hydra-client/entities/HydraBatch.ts
FN:7,(anonymous_0)
FN:23,HydraBatch
FNF:2
FNH:2
FNDA:1,(anonymous_0)
FNDA:1,HydraBatch
DA:7,1
DA:23,2
DA:24,2
DA:25,2
DA:26,1
DA:27,1
DA:28,1
DA:29,1
DA:30,1
DA:31,1
DA:32,1
DA:33,1
DA:34,1
DA:35,1
DA:36,1
DA:37,1
DA:38,1
DA:39,1
DA:41,1
LF:19
LH:19
BRDA:23,0,0,1
BRDA:23,0,1,0
BRDA:23,1,0,1
BRDA:23,1,1,0
BRDA:23,2,0,1
BRDA:23,2,1,0
BRDA:23,3,0,1
BRDA:23,3,1,0
BRDA:23,4,0,1
BRDA:23,4,1,0
BRDA:24,5,0,1
BRDA:24,5,1,0
BRDA:24,6,0,1
BRDA:24,6,1,0
BRDA:24,7,0,1
BRDA:24,7,1,0
BRDA:24,8,0,1
BRDA:24,8,1,0
BRDA:25,9,0,1
BRDA:25,9,1,0
BRDA:25,10,0,1
BRDA:25,10,1,0
BRDA:25,11,0,1
BRDA:25,11,1,0
BRDA:25,12,0,1
BRDA:25,12,1,0
BRDA:25,13,0,1
BRDA:25,13,1,0
BRF:28
BRH:14
end_of_record
TN:
SF:C:/Users/david/Documents/david's training/Project3/janus-webapp/client-side/src/app/hydra-client/entities/HydraTrainee.ts
FN:5,(anonymous_0)
FN:26,HydraTrainee
FNF:2
FNH:2
FNDA:1,(anonymous_0)
FNDA:1,HydraTrainee
DA:5,1
DA:31,1
DA:32,1
DA:33,1
DA:34,1
DA:35,1
DA:36,1
DA:37,1
DA:38,1
DA:39,1
DA:40,1
DA:41,1
DA:42,1
DA:43,1
DA:44,1
DA:45,1
DA:46,1
DA:47,1
DA:48,1
DA:49,1
DA:51,1
LF:21
LH:21
BRF:0
BRH:0
end_of_record
TN:
SF:C:/Users/david/Documents/david's training/Project3/janus-webapp/client-side/src/app/hydra-client/entities/Trainer.ts
FN:4,(anonymous_5)
FN:8,Trainer
FNF:2
FNH:2
FNDA:1,(anonymous_5)
FNDA:21,Trainer
DA:1,1
DA:4,1
DA:11,21
DA:12,21
DA:14,1
LF:5
LH:5
BRDA:11,0,0,21
BRDA:11,0,1,21
BRF:2
BRH:2
end_of_record
TN:
SF:C:/Users/david/Documents/david's training/Project3/janus-webapp/client-side/src/app/hydra-client/entities/User.ts
FN:3,(anonymous_0)
FN:16,User
FNF:2
FNH:2
FNDA:1,(anonymous_0)
FNDA:21,User
DA:3,1
DA:19,21
DA:20,21
DA:21,21
DA:22,21
DA:23,21
DA:24,21
DA:25,21
DA:26,21
DA:27,21
DA:28,21
DA:29,21
DA:32,1
LF:13
LH:13
BRF:0
BRH:0
end_of_record
TN:
SF:C:/Users/david/Documents/david's training/Project3/janus-webapp/client-side/src/app/hydra-client/services/alerts/alerts.service.ts
FN:8,(anonymous_1)
FN:7,AlertService
FN:12,(anonymous_3)
FNF:3
FNH:1
FNDA:1,(anonymous_1)
FNDA:0,AlertService
FNDA:0,(anonymous_3)
DA:1,1
DA:2,1
DA:3,1
DA:8,1
DA:9,0
DA:10,0
DA:12,1
DA:13,0
DA:14,0
DA:16,0
DA:20,1
LF:11
LH:6
BRDA:13,0,0,0
BRDA:13,0,1,0
BRF:2
BRH:0
end_of_record
TN:
SF:C:/Users/david/Documents/david's training/Project3/janus-webapp/client-side/src/app/hydra-client/services/batch/hydra-batch.service.ts
FN:28,(anonymous_2)
FN:32,HydraBatchService
FN:50,(anonymous_4)
FN:62,(anonymous_5)
FN:66,(anonymous_6)
FN:81,(anonymous_7)
FN:95,(anonymous_8)
FN:109,(anonymous_9)
FN:122,(anonymous_10)
FNF:9
FNH:9
FNDA:1,(anonymous_2)
FNDA:19,HydraBatchService
FNDA:3,(anonymous_4)
FNDA:3,(anonymous_5)
FNDA:3,(anonymous_6)
FNDA:3,(anonymous_7)
FNDA:3,(anonymous_8)
FNDA:3,(anonymous_9)
FNDA:6,(anonymous_10)
DA:1,1
DA:2,1
DA:16,1
DA:17,1
DA:28,1
DA:32,19
DA:50,1
DA:51,3
DA:62,1
DA:63,3
DA:66,1
DA:67,3
DA:81,1
DA:82,3
DA:95,1
DA:96,3
DA:109,1
DA:110,3
DA:122,1
DA:123,6
DA:124,6
DA:126,6
DA:127,6
DA:129,6
DA:132,1
LF:25
LH:25
BRDA:32,0,0,1
BRDA:32,0,1,0
BRDA:32,1,0,1
BRDA:32,2,0,1
BRDA:32,2,1,1
BRDA:32,2,2,0
BRDA:32,3,0,1
BRDA:32,3,1,1
BRF:8
BRH:6
end_of_record
TN:
SF:C:/Users/david/Documents/david's training/Project3/janus-webapp/client-side/src/app/hydra-client/services/skill/hydra-skill.service.ts
FN:14,(anonymous_2)
FN:16,HydraSkillService
FN:23,(anonymous_4)
FN:33,(anonymous_5)
FN:44,(anonymous_6)
FN:55,(anonymous_7)
FN:66,(anonymous_8)
FNF:7
FNH:1
FNDA:1,(anonymous_2)
FNDA:0,HydraSkillService
FNDA:0,(anonymous_4)
FNDA:0,(anonymous_5)
FNDA:0,(anonymous_6)
FNDA:0,(anonymous_7)
FNDA:0,(anonymous_8)
DA:1,1
DA:3,1
DA:5,1
DA:14,1
DA:16,0
DA:23,1
DA:24,0
DA:25,0
DA:33,1
DA:34,0
DA:35,0
DA:44,1
DA:45,0
DA:46,0
DA:55,1
DA:56,0
DA:57,0
DA:66,1
DA:67,0
DA:68,0
DA:70,1
LF:21
LH:10
BRDA:16,0,0,1
BRDA:16,0,1,0
BRDA:16,1,0,1
BRDA:16,2,0,1
BRDA:16,2,1,1
BRDA:16,2,2,0
BRDA:16,3,0,1
BRDA:16,3,1,1
BRF:8
BRH:6
end_of_record
TN:
SF:C:/Users/david/Documents/david's training/Project3/janus-webapp/client-side/src/app/hydra-client/services/trainee/hydra-trainee.service.ts
FN:14,(anonymous_2)
FN:16,HydraTraineeService
FN:28,(anonymous_4)
FN:41,(anonymous_5)
FN:54,(anonymous_6)
FN:67,(anonymous_7)
FNF:6
FNH:6
FNDA:1,(anonymous_2)
FNDA:13,HydraTraineeService
FNDA:3,(anonymous_4)
FNDA:3,(anonymous_5)
FNDA:3,(anonymous_6)
FNDA:3,(anonymous_7)
DA:1,1
DA:2,1
DA:4,1
DA:14,1
DA:16,13
DA:28,1
DA:29,3
DA:30,3
DA:41,1
DA:42,3
DA:43,3
DA:54,1
DA:55,3
DA:56,3
DA:67,1
DA:68,3
DA:69,3
DA:71,1
LF:18
LH:18
BRDA:16,0,0,1
BRDA:16,0,1,0
BRDA:16,1,0,1
BRDA:16,2,0,1
BRDA:16,2,1,1
BRDA:16,2,2,0
BRDA:16,3,0,1
BRDA:16,3,1,1
BRF:8
BRH:6
end_of_record
TN:
SF:C:/Users/david/Documents/david's training/Project3/janus-webapp/client-side/src/app/hydra-client/services/trainer/trainer.service.ts
FN:17,(anonymous_2)
FN:21,TrainerService
FN:36,(anonymous_4)
FN:48,(anonymous_5)
FN:62,(anonymous_6)
FN:75,(anonymous_7)
FN:88,(anonymous_8)
FN:107,(anonymous_9)
FN:126,(anonymous_10)
FNF:9
FNH:8
FNDA:1,(anonymous_2)
FNDA:19,TrainerService
FNDA:0,(anonymous_4)
FNDA:3,(anonymous_5)
FNDA:3,(anonymous_6)
FNDA:3,(anonymous_7)
FNDA:3,(anonymous_8)
FNDA:3,(anonymous_9)
FNDA:3,(anonymous_10)
DA:1,1
DA:10,1
DA:11,1
DA:12,1
DA:17,1
DA:19,19
DA:21,19
DA:36,1
DA:37,0
DA:38,0
DA:48,1
DA:49,3
DA:50,3
DA:62,1
DA:63,3
DA:64,3
DA:75,1
DA:76,3
DA:77,3
DA:88,1
DA:89,3
DA:90,3
DA:107,1
DA:108,3
DA:126,1
DA:127,3
DA:130,1
LF:27
LH:25
BRDA:21,0,0,1
BRDA:21,0,1,0
BRDA:21,1,0,1
BRDA:21,2,0,1
BRDA:21,2,1,1
BRDA:21,2,2,0
BRDA:21,3,0,1
BRDA:21,3,1,1
BRF:8
BRH:6
end_of_record
TN:
SF:C:/Users/david/Documents/david's training/Project3/janus-webapp/client-side/src/app/hydra-client/services/urls/url.service.ts
FN:5,(anonymous_2)
FN:152,UrlService
FN:12,(anonymous_4)
FN:13,(anonymous_5)
FN:14,(anonymous_6)
FN:15,(anonymous_7)
FN:16,(anonymous_8)
FN:24,(anonymous_9)
FN:25,(anonymous_10)
FN:26,(anonymous_11)
FN:27,(anonymous_12)
FN:28,(anonymous_13)
FN:29,(anonymous_14)
FN:36,(anonymous_15)
FN:37,(anonymous_16)
FN:38,(anonymous_17)
FN:39,(anonymous_18)
FN:46,(anonymous_19)
FN:47,(anonymous_20)
FN:48,(anonymous_21)
FN:49,(anonymous_22)
FN:50,(anonymous_23)
FN:51,(anonymous_24)
FN:52,(anonymous_25)
FN:53,(anonymous_26)
FN:57,(anonymous_27)
FN:58,(anonymous_28)
FN:59,(anonymous_29)
FN:60,(anonymous_30)
FN:65,(anonymous_31)
FN:66,(anonymous_32)
FN:67,(anonymous_33)
FN:68,(anonymous_34)
FN:69,(anonymous_35)
FN:70,(anonymous_36)
FN:71,(anonymous_37)
FN:72,(anonymous_38)
FN:73,(anonymous_39)
FN:74,(anonymous_40)
FN:75,(anonymous_41)
FN:76,(anonymous_42)
FN:77,(anonymous_43)
FN:81,(anonymous_44)
FN:82,(anonymous_45)
FN:86,(anonymous_46)
FN:87,(anonymous_47)
FN:88,(anonymous_48)
FN:89,(anonymous_49)
FN:91,(anonymous_50)
FN:92,(anonymous_51)
FN:93,(anonymous_52)
FN:99,(anonymous_53)
FN:100,(anonymous_54)
FN:101,(anonymous_55)
FN:102,(anonymous_56)
FN:105,(anonymous_57)
FN:109,(anonymous_58)
FN:115,(anonymous_59)
FN:116,(anonymous_60)
FN:117,(anonymous_61)
FN:118,(anonymous_62)
FN:120,(anonymous_63)
FN:122,(anonymous_64)
FN:126,(anonymous_65)
FN:127,(anonymous_66)
FN:128,(anonymous_67)
FN:129,(anonymous_68)
FN:130,(anonymous_69)
FN:131,(anonymous_70)
FN:132,(anonymous_71)
FN:133,(anonymous_72)
FN:134,(anonymous_73)
FN:135,(anonymous_74)
FN:136,(anonymous_75)
FN:140,(anonymous_76)
FN:141,(anonymous_77)
FN:142,(anonymous_78)
FN:143,(anonymous_79)
FN:144,(anonymous_80)
FN:145,(anonymous_81)
FN:146,(anonymous_82)
FN:147,(anonymous_83)
FN:148,(anonymous_84)
FN:149,(anonymous_85)
FNF:84
FNH:20
FNDA:1,(anonymous_2)
FNDA:64,UrlService
FNDA:0,(anonymous_4)
FNDA:0,(anonymous_5)
FNDA:0,(anonymous_6)
FNDA:0,(anonymous_7)
FNDA:0,(anonymous_8)
FNDA:3,(anonymous_9)
FNDA:3,(anonymous_10)
FNDA:3,(anonymous_11)
FNDA:3,(anonymous_12)
FNDA:3,(anonymous_13)
FNDA:3,(anonymous_14)
FNDA:3,(anonymous_15)
FNDA:3,(anonymous_16)
FNDA:3,(anonymous_17)
FNDA:3,(anonymous_18)
FNDA:3,(anonymous_19)
FNDA:3,(anonymous_20)
FNDA:3,(anonymous_21)
FNDA:3,(anonymous_22)
FNDA:0,(anonymous_23)
FNDA:3,(anonymous_24)
FNDA:3,(anonymous_25)
FNDA:0,(anonymous_26)
FNDA:0,(anonymous_27)
FNDA:0,(anonymous_28)
FNDA:0,(anonymous_29)
FNDA:0,(anonymous_30)
FNDA:0,(anonymous_31)
FNDA:0,(anonymous_32)
FNDA:0,(anonymous_33)
FNDA:0,(anonymous_34)
FNDA:0,(anonymous_35)
FNDA:0,(anonymous_36)
FNDA:0,(anonymous_37)
FNDA:0,(anonymous_38)
FNDA:0,(anonymous_39)
FNDA:0,(anonymous_40)
FNDA:0,(anonymous_41)
FNDA:0,(anonymous_42)
FNDA:0,(anonymous_43)
FNDA:0,(anonymous_44)
FNDA:0,(anonymous_45)
FNDA:0,(anonymous_46)
FNDA:0,(anonymous_47)
FNDA:0,(anonymous_48)
FNDA:0,(anonymous_49)
FNDA:0,(anonymous_50)
FNDA:0,(anonymous_51)
FNDA:0,(anonymous_52)
FNDA:0,(anonymous_53)
FNDA:0,(anonymous_54)
FNDA:0,(anonymous_55)
FNDA:0,(anonymous_56)
FNDA:0,(anonymous_57)
FNDA:0,(anonymous_58)
FNDA:0,(anonymous_59)
FNDA:0,(anonymous_60)
FNDA:0,(anonymous_61)
FNDA:0,(anonymous_62)
FNDA:0,(anonymous_63)
FNDA:0,(anonymous_64)
FNDA:0,(anonymous_65)
FNDA:0,(anonymous_66)
FNDA:0,(anonymous_67)
FNDA:0,(anonymous_68)
FNDA:0,(anonymous_69)
FNDA:0,(anonymous_70)
FNDA:0,(anonymous_71)
FNDA:0,(anonymous_72)
FNDA:0,(anonymous_73)
FNDA:0,(anonymous_74)
FNDA:0,(anonymous_75)
FNDA:13,(anonymous_76)
FNDA:0,(anonymous_77)
FNDA:0,(anonymous_78)
FNDA:0,(anonymous_79)
FNDA:0,(anonymous_80)
FNDA:13,(anonymous_81)
FNDA:0,(anonymous_82)
FNDA:0,(anonymous_83)
FNDA:0,(anonymous_84)
FNDA:0,(anonymous_85)
DA:1,1
DA:2,1
DA:5,1
DA:11,64
DA:12,0
DA:13,0
DA:14,0
DA:15,0
DA:16,0
DA:23,64
DA:24,3
DA:25,3
DA:26,3
DA:27,3
DA:28,3
DA:29,3
DA:35,64
DA:36,3
DA:37,3
DA:38,3
DA:39,3
DA:45,64
DA:46,3
DA:47,3
DA:48,3
DA:49,3
DA:50,0
DA:51,3
DA:52,3
DA:53,0
DA:56,64
DA:57,0
DA:58,0
DA:59,0
DA:60,0
DA:64,64
DA:65,0
DA:66,0
DA:67,0
DA:68,0
DA:69,0
DA:70,0
DA:71,0
DA:72,0
DA:73,0
DA:74,0
DA:75,0
DA:76,0
DA:77,0
DA:80,64
DA:81,0
DA:82,0
DA:85,64
DA:86,0
DA:87,0
DA:88,0
DA:90,0
DA:91,0
DA:92,0
DA:93,0
DA:96,64
DA:99,0
DA:100,0
DA:101,0
DA:103,0
DA:105,0
DA:108,64
DA:109,0
DA:112,64
DA:115,0
DA:116,0
DA:117,0
DA:118,0
DA:121,0
DA:122,0
DA:125,64
DA:126,0
DA:127,0
DA:128,0
DA:129,0
DA:130,0
DA:131,0
DA:132,0
DA:133,0
DA:134,0
DA:135,0
DA:136,0
DA:139,64
DA:140,13
DA:141,0
DA:142,0
DA:143,0
DA:144,0
DA:145,13
DA:146,0
DA:147,0
DA:148,0
DA:149,0
DA:152,64
DA:153,64
DA:155,1
LF:101
LH:37
BRF:0
BRH:0
end_of_record
TN:
SF:C:/Users/david/Documents/david's training/Project3/janus-webapp/client-side/src/app/hydra-client/ui/error-alert/error-alert.component.ts
FN:18,(anonymous_2)
FN:22,ErrorAlertComponent
FN:24,(anonymous_4)
FN:29,(anonymous_5)
FN:32,(anonymous_6)
FNF:5
FNH:1
FNDA:1,(anonymous_2)
FNDA:0,ErrorAlertComponent
FNDA:0,(anonymous_4)
FNDA:0,(anonymous_5)
FNDA:0,(anonymous_6)
DA:1,1
DA:9,1
DA:10,1
DA:18,1
DA:22,0
DA:23,0
DA:24,0
DA:25,0
DA:29,1
DA:32,1
DA:33,0
DA:36,1
LF:12
LH:7
BRDA:22,0,0,1
BRDA:22,0,1,0
BRDA:22,1,0,1
BRDA:22,2,0,1
BRDA:22,2,1,1
BRDA:22,2,2,0
BRDA:22,3,0,1
BRDA:22,3,1,1
BRDA:22,4,0,1
BRDA:22,4,1,1
BRDA:22,4,2,0
BRDA:22,5,0,1
BRDA:22,5,1,1
BRF:13
BRH:10
end_of_record
TN:
SF:C:/Users/david/Documents/david's training/Project3/janus-webapp/client-side/src/app/login/login.component.ts
FN:11,(anonymous_2)
FN:17,LoginComponent
FN:19,(anonymous_4)
FN:22,(anonymous_5)
FN:24,(anonymous_6)
FNF:5
FNH:1
FNDA:1,(anonymous_2)
FNDA:0,LoginComponent
FNDA:0,(anonymous_4)
FNDA:0,(anonymous_5)
FNDA:0,(anonymous_6)
DA:1,1
DA:2,1
DA:3,1
DA:4,1
DA:11,1
DA:12,0
DA:17,0
DA:19,1
DA:22,1
DA:23,0
DA:25,0
DA:26,0
DA:28,0
DA:33,1
LF:14
LH:8
BRDA:25,0,0,0
BRDA:25,0,1,0
BRDA:17,1,0,1
BRDA:17,1,1,0
BRDA:17,2,0,1
BRDA:17,3,0,1
BRDA:17,3,1,1
BRDA:17,3,2,0
BRDA:17,4,0,1
BRDA:17,4,1,1
BRF:10
BRH:6
end_of_record
TN:
SF:C:/Users/david/Documents/david's training/Project3/janus-webapp/client-side/src/app/nav/nav.component.ts
FN:15,(anonymous_2)
FN:21,NavComponent
FN:23,(anonymous_4)
FN:25,(anonymous_5)
FN:32,(anonymous_6)
FN:33,(anonymous_7)
FN:47,(anonymous_8)
FN:51,(anonymous_9)
FN:55,(anonymous_10)
FNF:9
FNH:1
FNDA:1,(anonymous_2)
FNDA:0,NavComponent
FNDA:0,(anonymous_4)
FNDA:0,(anonymous_5)
FNDA:0,(anonymous_6)
FNDA:0,(anonymous_7)
FNDA:0,(anonymous_8)
FNDA:0,(anonymous_9)
FNDA:0,(anonymous_10)
DA:1,1
DA:2,1
DA:5,1
DA:8,1
DA:15,1
DA:16,0
DA:17,0
DA:18,0
DA:21,0
DA:23,1
DA:24,0
DA:25,0
DA:26,0
DA:27,0
DA:32,1
DA:33,0
DA:34,0
DA:35,0
DA:36,0
DA:37,0
DA:39,0
DA:40,0
DA:41,0
DA:43,0
DA:47,1
DA:48,0
DA:51,1
DA:52,0
DA:55,1
DA:56,0
DA:59,1
LF:31
LH:11
BRDA:26,0,0,0
BRDA:26,0,1,0
BRDA:34,1,0,0
BRDA:34,1,1,0
BRDA:39,2,0,0
BRDA:39,2,1,0
BRDA:21,3,0,1
BRDA:21,3,1,0
BRDA:21,4,0,1
BRDA:21,5,0,1
BRDA:21,5,1,1
BRDA:21,5,2,0
BRDA:21,6,0,1
BRDA:21,6,1,1
BRF:14
BRH:6
end_of_record
TN:
SF:C:/Users/david/Documents/david's training/Project3/janus-webapp/client-side/src/app/nav/nav.module.ts
FN:35,(anonymous_1)
FN:35,NavModule
FNF:2
FNH:1
FNDA:1,(anonymous_1)
FNDA:0,NavModule
DA:2,1
DA:3,1
DA:4,1
DA:5,1
DA:6,1
DA:7,1
DA:8,1
DA:9,1
DA:11,1
DA:12,1
DA:13,1
DA:14,1
DA:35,1
LF:13
LH:13
BRF:0
BRH:0
end_of_record
TN:
SF:C:/Users/david/Documents/david's training/Project3/janus-webapp/client-side/src/app/nav/assign-force-nav/assign-force-nav.component.ts
FN:8,(anonymous_2)
FN:10,AssignForceNavComponent
FN:12,(anonymous_4)
FNF:3
FNH:1
FNDA:1,(anonymous_2)
FNDA:0,AssignForceNavComponent
FNDA:0,(anonymous_4)
DA:1,1
DA:8,1
DA:12,1
DA:15,1
LF:4
LH:4
BRF:0
BRH:0
end_of_record
TN:
SF:C:/Users/david/Documents/david's training/Project3/janus-webapp/client-side/src/app/nav/bam-nav/bam-nav.component.ts
FN:18,(anonymous_2)
FN:26,BamNavComponent
FN:33,(anonymous_4)
FN:50,(anonymous_5)
FNF:4
FNH:1
FNDA:1,(anonymous_2)
FNDA:0,BamNavComponent
FNDA:0,(anonymous_4)
FNDA:0,(anonymous_5)
DA:1,1
DA:3,1
DA:4,1
DA:18,1
DA:20,1
DA:21,1
DA:26,0
DA:27,0
DA:33,1
DA:34,0
DA:36,0
DA:37,0
DA:39,0
DA:40,0
DA:42,0
DA:43,0
DA:50,1
DA:51,0
DA:52,0
DA:54,1
LF:20
LH:9
BRDA:35,0,0,0
BRDA:35,0,1,0
BRDA:35,0,2,0
BRDA:21,1,0,1
BRDA:21,1,1,0
BRDA:21,2,0,1
BRDA:26,3,0,1
BRDA:26,3,1,0
BRDA:26,4,0,1
BRF:9
BRH:4
end_of_record
TN:
SF:C:/Users/david/Documents/david's training/Project3/janus-webapp/client-side/src/app/nav/caliber-nav/caliber-nav.component.ts
FN:15,(anonymous_2)
FN:36,CaliberNavComponent
FN:39,(anonymous_4)
FN:51,(anonymous_5)
FN:54,(anonymous_6)
FNF:5
FNH:1
FNDA:1,(anonymous_2)
FNDA:0,CaliberNavComponent
FNDA:0,(anonymous_4)
FNDA:0,(anonymous_5)
FNDA:0,(anonymous_6)
DA:1,1
DA:2,1
DA:7,1
DA:15,1
DA:17,1
DA:20,1
DA:26,0
DA:27,0
DA:29,0
DA:30,0
DA:31,0
DA:32,0
DA:33,0
DA:36,0
DA:39,1
DA:40,0
DA:41,0
DA:42,0
DA:44,0
DA:45,0
DA:46,0
DA:47,0
DA:48,0
DA:51,1
DA:54,1
DA:55,0
DA:56,0
DA:59,1
LF:28
LH:10
BRDA:27,0,0,0
BRDA:27,0,1,0
BRDA:27,0,2,0
BRDA:27,0,3,0
BRDA:29,1,0,0
BRDA:29,1,1,0
BRDA:30,2,0,0
BRDA:30,2,1,0
BRDA:31,3,0,0
BRDA:31,3,1,0
BRDA:32,4,0,0
BRDA:32,4,1,0
BRDA:42,5,0,0
BRDA:42,5,1,0
BRDA:42,5,2,0
BRDA:42,5,3,0
BRDA:44,6,0,0
BRDA:44,6,1,0
BRDA:45,7,0,0
BRDA:45,7,1,0
BRDA:46,8,0,0
BRDA:46,8,1,0
BRDA:47,9,0,0
BRDA:47,9,1,0
BRDA:20,10,0,1
BRDA:20,10,1,0
BRDA:20,11,0,1
BRDA:36,12,0,1
BRDA:36,12,1,0
BRDA:36,13,0,1
BRDA:36,14,0,1
BRDA:36,14,1,1
BRDA:36,14,2,0
BRDA:36,15,0,1
BRDA:36,15,1,1
BRF:35
BRH:8
end_of_record
TN:
SF:C:/Users/david/Documents/david's training/Project3/janus-webapp/client-side/src/app/nav/track-force-nav/track-force-nav.component.ts
FN:8,(anonymous_2)
FN:10,TracknForceNavComponent
FN:12,(anonymous_4)
FNF:3
FNH:1
FNDA:1,(anonymous_2)
FNDA:0,TracknForceNavComponent
FNDA:0,(anonymous_4)
DA:1,1
DA:8,1
DA:12,1
DA:15,1
LF:4
LH:4
BRF:0
BRH:0
end_of_record
TN:
SF:C:/Users/david/Documents/david's training/Project3/janus-webapp/client-side/src/app/portals/Assign-Force/calendar/calendar.component.ts
FN:8,(anonymous_2)
FN:10,CalendarComponent
FN:12,(anonymous_4)
FNF:3
FNH:1
FNDA:1,(anonymous_2)
FNDA:0,CalendarComponent
FNDA:0,(anonymous_4)
DA:1,1
DA:8,1
DA:12,1
DA:15,1
LF:4
LH:4
BRF:0
BRH:0
end_of_record
TN:
SF:C:/Users/david/Documents/david's training/Project3/janus-webapp/client-side/src/app/portals/Assign-Force/home/home.component.ts
FN:10,(anonymous_2)
FN:14,HomeComponent
FN:16,(anonymous_4)
FN:17,(anonymous_5)
FN:22,(anonymous_6)
FN:27,(anonymous_7)
FNF:6
FNH:1
FNDA:1,(anonymous_2)
FNDA:0,HomeComponent
FNDA:0,(anonymous_4)
FNDA:0,(anonymous_5)
FNDA:0,(anonymous_6)
FNDA:0,(anonymous_7)
DA:1,1
DA:3,1
DA:10,1
DA:14,0
DA:16,1
DA:17,0
DA:18,0
DA:22,1
DA:23,0
DA:27,1
DA:28,0
DA:31,1
LF:12
LH:7
BRDA:14,0,0,1
BRDA:14,0,1,0
BRDA:14,1,0,1
BRF:3
BRH:2
end_of_record
TN:
SF:C:/Users/david/Documents/david's training/Project3/janus-webapp/client-side/src/app/portals/Bam/bam-routing.module.ts
FN:64,(anonymous_1)
FN:64,BamRoutingModule
FNF:2
FNH:2
FNDA:1,(anonymous_1)
FNDA:13,BamRoutingModule
DA:1,1
DA:2,1
DA:3,1
DA:4,1
DA:5,1
DA:6,1
DA:7,1
DA:8,1
DA:9,1
DA:10,1
DA:12,1
DA:14,1
DA:64,1
LF:13
LH:13
BRF:0
BRH:0
end_of_record
TN:
SF:C:/Users/david/Documents/david's training/Project3/janus-webapp/client-side/src/app/portals/Bam/bam.component.ts
FN:8,(anonymous_2)
FN:10,BamComponent
FN:12,(anonymous_4)
FNF:3
FNH:1
FNDA:1,(anonymous_2)
FNDA:0,BamComponent
FNDA:0,(anonymous_4)
DA:1,1
DA:8,1
DA:12,1
DA:15,1
LF:4
LH:4
BRF:0
BRH:0
end_of_record
TN:
SF:C:/Users/david/Documents/david's training/Project3/janus-webapp/client-side/src/app/portals/Bam/bam.test-observable.module.ts
FNF:0
FNH:0
DA:10,1
DA:11,1
DA:13,1
DA:14,1
DA:16,1
DA:17,1
DA:18,1
DA:19,1
DA:21,1
DA:22,1
DA:23,1
DA:24,1
DA:25,1
DA:26,1
DA:27,1
DA:28,1
DA:29,1
DA:30,1
DA:31,1
DA:32,1
DA:33,1
DA:34,1
DA:35,1
DA:36,1
DA:37,1
DA:38,1
DA:39,1
DA:40,1
DA:41,1
DA:42,1
DA:43,1
DA:44,1
DA:45,1
DA:46,1
DA:48,1
DA:49,1
DA:50,1
DA:51,1
DA:53,1
DA:54,1
DA:55,1
DA:56,1
DA:57,1
DA:58,1
DA:59,1
DA:60,1
DA:61,1
DA:62,1
DA:63,1
DA:64,1
DA:66,1
DA:67,1
DA:68,1
DA:69,1
DA:70,1
DA:71,1
DA:72,1
DA:75,1
LF:58
LH:58
BRF:0
BRH:0
end_of_record
TN:
SF:C:/Users/david/Documents/david's training/Project3/janus-webapp/client-side/src/app/portals/Bam/bam.test.module.ts
FNF:0
FNH:0
DA:10,1
DA:11,1
DA:13,1
DA:14,1
DA:16,1
DA:17,1
DA:18,1
DA:19,1
DA:21,1
DA:22,1
DA:23,1
DA:24,1
DA:25,1
DA:26,1
DA:27,1
DA:28,1
DA:29,1
DA:30,1
DA:31,1
DA:32,1
DA:33,1
DA:34,1
DA:35,1
DA:36,1
DA:37,1
DA:38,1
DA:39,1
DA:40,1
DA:41,1
DA:42,1
DA:43,1
DA:44,1
DA:45,1
DA:46,1
DA:48,1
DA:49,1
DA:50,1
DA:51,1
DA:53,1
DA:54,1
DA:55,1
DA:56,1
DA:57,1
DA:58,1
DA:59,1
DA:60,1
DA:61,1
DA:62,1
DA:63,1
DA:64,1
DA:66,1
DA:67,1
DA:68,1
DA:69,1
DA:70,1
DA:73,1
LF:56
LH:56
BRF:0
BRH:0
end_of_record
TN:
SF:C:/Users/david/Documents/david's training/Project3/janus-webapp/client-side/src/app/portals/Bam/Pipes/filter-batch.pipe.ts
FN:12,(anonymous_2)
FN:16,FilterBatchPipe
FN:25,(anonymous_4)
FN:33,(anonymous_5)
FNF:4
FNH:1
FNDA:1,(anonymous_2)
FNDA:0,FilterBatchPipe
FNDA:0,(anonymous_4)
FNDA:0,(anonymous_5)
DA:1,1
DA:3,1
DA:12,1
DA:14,0
DA:25,1
DA:26,0
DA:27,0
DA:29,0
DA:30,0
DA:32,0
DA:33,0
DA:34,0
DA:35,0
DA:42,1
LF:14
LH:5
BRDA:26,0,0,0
BRDA:26,0,1,0
BRDA:29,1,0,0
BRDA:29,1,1,0
BRDA:37,2,0,0
BRDA:37,2,1,0
BRF:6
BRH:0
end_of_record
TN:
SF:C:/Users/david/Documents/david's training/Project3/janus-webapp/client-side/src/app/portals/Bam/components/alerts/alerts.component.ts
FN:11,(anonymous_2)
FN:17,AlertsComponent
FN:19,(anonymous_4)
FN:21,(anonymous_5)
FN:22,(anonymous_6)
FNF:5
FNH:1
FNDA:1,(anonymous_2)
FNDA:0,AlertsComponent
FNDA:0,(anonymous_4)
FNDA:0,(anonymous_5)
FNDA:0,(anonymous_6)
DA:1,1
DA:2,1
DA:3,1
DA:4,1
DA:11,1
DA:14,0
DA:15,0
DA:17,0
DA:19,1
DA:20,0
DA:21,0
DA:22,0
DA:23,0
DA:24,0
DA:25,0
DA:29,1
LF:16
LH:7
BRDA:17,0,0,1
BRDA:17,0,1,0
BRDA:17,1,0,1
BRF:3
BRH:2
end_of_record
TN:
SF:C:/Users/david/Documents/david's training/Project3/janus-webapp/client-side/src/app/portals/Bam/components/batches/all-batches/all-batches.component.ts
FN:12,(anonymous_2)
FN:17,AllBatchesComponent
FN:22,(anonymous_4)
FN:30,(anonymous_5)
FN:31,(anonymous_6)
FN:40,(anonymous_8)
FN:42,(anonymous_9)
FN:44,(anonymous_10)
FN:50,(anonymous_11)
FN:59,(anonymous_12)
FNF:10
FNH:1
FNDA:1,(anonymous_2)
FNDA:0,AllBatchesComponent
FNDA:0,(anonymous_4)
FNDA:0,(anonymous_5)
FNDA:0,(anonymous_6)
FNDA:0,(anonymous_8)
FNDA:0,(anonymous_9)
FNDA:0,(anonymous_10)
FNDA:0,(anonymous_11)
FNDA:0,(anonymous_12)
DA:1,1
DA:3,1
DA:4,1
DA:5,1
DA:12,1
DA:18,0
DA:19,0
DA:20,0
DA:22,1
DA:23,0
DA:30,1
DA:31,0
DA:33,0
DA:35,0
DA:37,0
DA:38,0
DA:40,0
DA:41,0
DA:42,0
DA:44,0
DA:45,0
DA:50,0
DA:59,1
DA:60,0
DA:63,1
LF:25
LH:9
BRDA:18,0,0,1
BRDA:18,0,1,0
BRDA:18,1,0,1
BRDA:18,2,0,1
BRDA:18,2,1,1
BRDA:18,2,2,0
BRDA:18,3,0,1
BRDA:18,3,1,1
BRDA:19,4,0,1
BRDA:19,4,1,1
BRDA:19,4,2,0
BRDA:19,5,0,1
BRDA:19,5,1,1
BRF:13
BRH:10
end_of_record
TN:
SF:C:/Users/david/Documents/david's training/Project3/janus-webapp/client-side/src/app/portals/Bam/components/batches/batches-search/batches-search.component.ts
FN:9,(anonymous_2)
FN:13,BatchesSearchComponent
FN:15,(anonymous_4)
FN:23,(anonymous_5)
FNF:4
FNH:1
FNDA:1,(anonymous_2)
FNDA:0,BatchesSearchComponent
FNDA:0,(anonymous_4)
FNDA:0,(anonymous_5)
DA:1,1
DA:2,1
DA:9,1
DA:11,1
DA:15,1
DA:23,1
DA:24,0
DA:27,1
LF:8
LH:7
BRDA:11,0,0,1
BRDA:11,0,1,0
BRDA:11,1,0,1
BRF:3
BRH:2
end_of_record
TN:
SF:C:/Users/david/Documents/david's training/Project3/janus-webapp/client-side/src/app/portals/Bam/components/batches/batches-table/batches-table.component.ts
FN:11,(anonymous_2)
FN:20,BatchesTableComponent
FN:22,(anonymous_4)
FNF:3
FNH:1
FNDA:1,(anonymous_2)
FNDA:0,BatchesTableComponent
FNDA:0,(anonymous_4)
DA:1,1
DA:2,1
DA:4,1
DA:11,1
DA:13,1
DA:14,1
DA:15,1
DA:18,0
DA:20,0
DA:22,1
DA:23,0
DA:26,1
LF:12
LH:9
BRDA:20,0,0,1
BRDA:20,0,1,0
BRDA:20,1,0,1
BRF:3
BRH:2
end_of_record
TN:
SF:C:/Users/david/Documents/david's training/Project3/janus-webapp/client-side/src/app/portals/Bam/components/batches/my-batches/my-batches.component.ts
FN:14,(anonymous_2)
FN:20,MyBatchesComponent
FN:25,(anonymous_4)
FN:34,(anonymous_5)
FN:37,(anonymous_6)
FN:37,(anonymous_7)
FN:44,(anonymous_8)
FN:47,(anonymous_9)
FN:47,(anonymous_10)
FN:54,(anonymous_11)
FN:57,(anonymous_12)
FN:57,(anonymous_13)
FN:65,(anonymous_14)
FN:73,(anonymous_16)
FN:75,(anonymous_17)
FN:77,(anonymous_18)
FN:93,(anonymous_19)
FNF:17
FNH:1
FNDA:1,(anonymous_2)
FNDA:0,MyBatchesComponent
FNDA:0,(anonymous_4)
FNDA:0,(anonymous_5)
FNDA:0,(anonymous_6)
FNDA:0,(anonymous_7)
FNDA:0,(anonymous_8)
FNDA:0,(anonymous_9)
FNDA:0,(anonymous_10)
FNDA:0,(anonymous_11)
FNDA:0,(anonymous_12)
FNDA:0,(anonymous_13)
FNDA:0,(anonymous_14)
FNDA:0,(anonymous_16)
FNDA:0,(anonymous_17)
FNDA:0,(anonymous_18)
FNDA:0,(anonymous_19)
DA:1,1
DA:3,1
DA:5,1
DA:6,1
DA:7,1
DA:14,1
DA:20,0
DA:21,0
DA:22,0
DA:23,0
DA:25,1
DA:26,0
DA:27,0
DA:34,1
DA:35,0
DA:36,0
DA:37,0
DA:44,1
DA:45,0
DA:46,0
DA:47,0
DA:54,1
DA:55,0
DA:56,0
DA:57,0
DA:65,1
DA:66,0
DA:68,0
DA:70,0
DA:71,0
DA:73,0
DA:74,0
DA:75,0
DA:77,0
DA:78,0
DA:83,0
DA:84,0
DA:93,1
DA:94,0
DA:97,1
LF:40
LH:13
BRDA:83,0,0,0
BRDA:83,0,1,0
BRDA:20,1,0,1
BRDA:20,1,1,0
BRDA:20,2,0,1
BRDA:20,3,0,1
BRDA:20,3,1,1
BRDA:20,3,2,0
BRDA:20,4,0,1
BRDA:20,4,1,1
BRDA:21,5,0,1
BRDA:21,5,1,1
BRDA:21,5,2,0
BRDA:21,6,0,1
BRDA:21,6,1,1
BRDA:22,7,0,1
BRDA:22,7,1,1
BRDA:22,7,2,0
BRDA:22,8,0,1
BRDA:22,8,1,1
BRF:20
BRH:14
end_of_record
TN:
SF:C:/Users/david/Documents/david's training/Project3/janus-webapp/client-side/src/app/portals/Bam/components/boom/boom.component.ts
FN:26,(anonymous_2)
FN:72,BoomComponent
FN:36,(anonymous_4)
FN:78,(anonymous_5)
FN:80,(anonymous_6)
FN:82,(anonymous_7)
FN:94,(anonymous_9)
FN:110,(anonymous_10)
FN:112,(anonymous_11)
FN:114,(anonymous_12)
FN:123,(anonymous_13)
FN:144,(anonymous_14)
FN:159,(anonymous_15)
FN:201,(anonymous_16)
FN:248,(anonymous_17)
FN:296,(anonymous_18)
FN:307,(anonymous_19)
FN:318,(anonymous_20)
FN:336,(anonymous_21)
FN:341,(anonymous_22)
FNF:20
FNH:1
FNDA:1,(anonymous_2)
FNDA:0,BoomComponent
FNDA:0,(anonymous_4)
FNDA:0,(anonymous_5)
FNDA:0,(anonymous_6)
FNDA:0,(anonymous_7)
FNDA:0,(anonymous_9)
FNDA:0,(anonymous_10)
FNDA:0,(anonymous_11)
FNDA:0,(anonymous_12)
FNDA:0,(anonymous_13)
FNDA:0,(anonymous_14)
FNDA:0,(anonymous_15)
FNDA:0,(anonymous_16)
FNDA:0,(anonymous_17)
FNDA:0,(anonymous_18)
FNDA:0,(anonymous_19)
FNDA:0,(anonymous_20)
FNDA:0,(anonymous_21)
FNDA:0,(anonymous_22)
DA:1,1
DA:3,1
DA:6,1
DA:7,1
DA:8,1
DA:9,1
DA:10,1
DA:26,1
DA:28,1
DA:29,1
DA:31,0
DA:37,0
DA:43,0
DA:47,0
DA:48,0
DA:49,0
DA:50,0
DA:52,0
DA:54,0
DA:55,0
DA:56,0
DA:57,0
DA:58,0
DA:59,0
DA:61,0
DA:62,0
DA:63,0
DA:64,0
DA:65,0
DA:67,0
DA:68,0
DA:69,0
DA:70,0
DA:72,0
DA:73,0
DA:74,0
DA:75,0
DA:76,0
DA:78,1
DA:79,0
DA:81,0
DA:82,0
DA:83,0
DA:84,0
DA:86,0
DA:87,0
DA:89,0
DA:92,0
DA:93,0
DA:96,0
DA:101,0
DA:110,1
DA:111,0
DA:112,0
DA:113,0
DA:115,0
DA:116,0
DA:117,0
DA:118,0
DA:119,0
DA:122,0
DA:124,0
DA:125,0
DA:127,0
DA:128,0
DA:129,0
DA:130,0
DA:144,1
DA:146,0
DA:147,0
DA:148,0
DA:149,0
DA:159,1
DA:160,0
DA:161,0
DA:162,0
DA:163,0
DA:164,0
DA:166,0
DA:167,0
DA:168,0
DA:169,0
DA:171,0
DA:172,0
DA:173,0
DA:174,0
DA:175,0
DA:176,0
DA:177,0
DA:178,0
DA:179,0
DA:185,0
DA:186,0
DA:187,0
DA:188,0
DA:189,0
DA:190,0
DA:191,0
DA:192,0
DA:201,1
DA:202,0
DA:203,0
DA:204,0
DA:205,0
DA:206,0
DA:207,0
DA:208,0
DA:209,0
DA:211,0
DA:212,0
DA:213,0
DA:214,0
DA:215,0
DA:216,0
DA:217,0
DA:218,0
DA:219,0
DA:220,0
DA:221,0
DA:222,0
DA:223,0
DA:228,0
DA:229,0
DA:231,0
DA:237,0
DA:248,1
DA:249,0
DA:250,0
DA:251,0
DA:252,0
DA:253,0
DA:254,0
DA:255,0
DA:256,0
DA:258,0
DA:259,0
DA:260,0
DA:262,0
DA:263,0
DA:265,0
DA:274,0
DA:276,0
DA:277,0
DA:279,0
DA:283,0
DA:284,0
DA:285,0
DA:287,0
DA:296,1
DA:297,0
DA:298,0
DA:299,0
DA:301,0
DA:302,0
DA:303,0
DA:304,0
DA:305,0
DA:306,0
DA:307,0
DA:308,0
DA:318,1
DA:319,0
DA:320,0
DA:322,0
DA:326,0
DA:327,0
DA:336,1
DA:337,0
DA:338,0
DA:339,0
DA:340,0
DA:341,0
DA:342,0
DA:345,1
LF:174
LH:20
BRDA:83,0,0,0
BRDA:83,0,1,0
BRDA:86,1,0,0
BRDA:86,1,1,0
BRDA:115,2,0,0
BRDA:115,2,1,0
BRDA:127,3,0,0
BRDA:127,3,1,0
BRDA:163,4,0,0
BRDA:163,4,1,0
BRDA:173,5,0,0
BRDA:173,5,1,0
BRDA:174,6,0,0
BRDA:174,6,1,0
BRDA:177,7,0,0
BRDA:177,7,1,0
BRDA:205,8,0,0
BRDA:205,8,1,0
BRDA:205,9,0,0
BRDA:205,9,1,0
BRDA:217,10,0,0
BRDA:217,10,1,0
BRDA:218,11,0,0
BRDA:218,11,1,0
BRDA:221,12,0,0
BRDA:221,12,1,0
BRDA:276,13,0,0
BRDA:276,13,1,0
BRDA:297,14,0,0
BRDA:297,14,1,0
BRDA:297,15,0,0
BRDA:297,15,1,0
BRDA:306,16,0,0
BRDA:306,16,1,0
BRDA:322,17,0,0
BRDA:322,17,1,0
BRDA:322,18,0,0
BRDA:322,18,1,0
BRDA:322,18,2,0
BRDA:322,18,3,0
BRDA:28,19,0,1
BRDA:28,19,1,0
BRDA:28,20,0,1
BRDA:29,21,0,1
BRDA:29,21,1,0
BRDA:29,22,0,1
BRDA:72,23,0,1
BRDA:72,23,1,0
BRDA:72,24,0,1
BRDA:72,25,0,1
BRDA:72,25,1,1
BRDA:72,25,2,0
BRDA:72,26,0,1
BRDA:72,26,1,1
BRDA:73,27,0,1
BRDA:73,27,1,1
BRDA:73,27,2,0
BRDA:73,28,0,1
BRDA:73,28,1,1
BRDA:74,29,0,1
BRDA:74,29,1,1
BRDA:74,29,2,0
BRDA:74,30,0,1
BRDA:74,30,1,1
BRDA:75,31,0,1
BRDA:75,31,1,1
BRDA:75,31,2,0
BRDA:75,32,0,1
BRDA:75,32,1,1
BRF:69
BRH:22
end_of_record
TN:
SF:C:/Users/david/Documents/david's training/Project3/janus-webapp/client-side/src/app/portals/Bam/components/calendar/add-associate-to-batch/add-associate-to-batch.component.ts
FN:20,(anonymous_2)
FN:27,AddAssociateToBatchComponent
FN:30,(anonymous_4)
FN:31,(anonymous_5)
FN:39,(anonymous_6)
FN:44,(anonymous_7)
FN:47,(anonymous_8)
FN:56,(anonymous_9)
FNF:8
FNH:1
FNDA:1,(anonymous_2)
FNDA:0,AddAssociateToBatchComponent
FNDA:0,(anonymous_4)
FNDA:0,(anonymous_5)
FNDA:0,(anonymous_6)
FNDA:0,(anonymous_7)
FNDA:0,(anonymous_8)
FNDA:0,(anonymous_9)
DA:1,1
DA:3,1
DA:5,1
DA:20,1
DA:24,1
DA:25,1
DA:27,0
DA:30,1
DA:31,0
DA:39,1
DA:40,0
DA:41,0
DA:42,0
DA:43,0
DA:44,0
DA:45,0
DA:46,0
DA:48,0
DA:50,0
DA:52,0
DA:56,1
DA:57,0
DA:59,1
LF:23
LH:10
BRDA:43,0,0,0
BRDA:43,0,1,0
BRDA:25,1,0,1
BRDA:25,1,1,0
BRDA:25,2,0,1
BRDA:27,3,0,1
BRDA:27,3,1,0
BRDA:27,4,0,1
BRDA:27,5,0,1
BRDA:27,5,1,1
BRDA:27,5,2,0
BRDA:27,6,0,1
BRDA:27,6,1,1
BRF:13
BRH:8
end_of_record
TN:
SF:C:/Users/david/Documents/david's training/Project3/janus-webapp/client-side/src/app/portals/Bam/components/calendar/add-subtopic/add-subtopic.component.ts
FN:42,(anonymous_2)
FN:78,AddSubtopicComponent
FN:85,(anonymous_4)
FN:88,(anonymous_5)
FN:89,(anonymous_6)
FN:91,(anonymous_7)
FN:92,(anonymous_8)
FN:97,(anonymous_9)
FN:99,(anonymous_10)
FN:114,(anonymous_11)
FN:127,(anonymous_12)
FN:136,(anonymous_13)
FN:143,(anonymous_14)
FN:163,(anonymous_15)
FN:187,(anonymous_16)
FN:204,(anonymous_17)
FN:238,(anonymous_18)
FN:257,(anonymous_19)
FN:266,(anonymous_20)
FN:275,(anonymous_21)
FN:308,(anonymous_22)
FN:342,(anonymous_23)
FN:361,(anonymous_24)
FN:368,(anonymous_25)
FN:382,(anonymous_26)
FN:384,(anonymous_27)
FN:390,(anonymous_28)
FN:398,(anonymous_29)
FN:418,(anonymous_30)
FNF:29
FNH:1
FNDA:1,(anonymous_2)
FNDA:0,AddSubtopicComponent
FNDA:0,(anonymous_4)
FNDA:0,(anonymous_5)
FNDA:0,(anonymous_6)
FNDA:0,(anonymous_7)
FNDA:0,(anonymous_8)
FNDA:0,(anonymous_9)
FNDA:0,(anonymous_10)
FNDA:0,(anonymous_11)
FNDA:0,(anonymous_12)
FNDA:0,(anonymous_13)
FNDA:0,(anonymous_14)
FNDA:0,(anonymous_15)
FNDA:0,(anonymous_16)
FNDA:0,(anonymous_17)
FNDA:0,(anonymous_18)
FNDA:0,(anonymous_19)
FNDA:0,(anonymous_20)
FNDA:0,(anonymous_21)
FNDA:0,(anonymous_22)
FNDA:0,(anonymous_23)
FNDA:0,(anonymous_24)
FNDA:0,(anonymous_25)
FNDA:0,(anonymous_26)
FNDA:0,(anonymous_27)
FNDA:0,(anonymous_28)
FNDA:0,(anonymous_29)
FNDA:0,(anonymous_30)
DA:1,1
DA:2,1
DA:4,1
DA:5,1
DA:12,1
DA:13,1
DA:14,1
DA:15,1
DA:16,1
DA:17,1
DA:19,1
DA:21,1
DA:42,1
DA:44,1
DA:45,0
DA:46,0
DA:49,0
DA:51,0
DA:52,0
DA:53,0
DA:65,0
DA:66,0
DA:72,0
DA:73,0
DA:78,0
DA:79,0
DA:80,0
DA:81,0
DA:82,0
DA:83,0
DA:85,1
DA:86,0
DA:87,0
DA:88,0
DA:89,0
DA:91,0
DA:92,0
DA:94,0
DA:95,0
DA:96,0
DA:98,0
DA:100,0
DA:101,0
DA:103,0
DA:104,0
DA:105,0
DA:106,0
DA:111,0
DA:115,0
DA:116,0
DA:127,1
DA:136,1
DA:137,0
DA:138,0
DA:139,0
DA:140,0
DA:143,0
DA:144,0
DA:145,0
DA:147,0
DA:148,0
DA:150,0
DA:163,1
DA:164,0
DA:165,0
DA:166,0
DA:167,0
DA:168,0
DA:169,0
DA:171,0
DA:172,0
DA:173,0
DA:174,0
DA:177,0
DA:178,0
DA:187,1
DA:188,0
DA:189,0
DA:190,0
DA:191,0
DA:192,0
DA:204,1
DA:205,0
DA:207,0
DA:208,0
DA:209,0
DA:210,0
DA:212,0
DA:213,0
DA:214,0
DA:216,0
DA:219,0
DA:221,0
DA:222,0
DA:224,0
DA:238,1
DA:239,0
DA:241,0
DA:242,0
DA:243,0
DA:244,0
DA:245,0
DA:246,0
DA:249,0
DA:257,1
DA:258,0
DA:266,1
DA:267,0
DA:275,1
DA:276,0
DA:277,0
DA:278,0
DA:279,0
DA:280,0
DA:282,0
DA:283,0
DA:284,0
DA:286,0
DA:294,0
DA:308,1
DA:309,0
DA:311,0
DA:313,0
DA:315,0
DA:342,1
DA:343,0
DA:345,0
DA:346,0
DA:347,0
DA:348,0
DA:350,0
DA:352,0
DA:358,0
DA:360,0
DA:362,0
DA:363,0
DA:364,0
DA:365,0
DA:366,0
DA:368,0
DA:370,0
DA:382,1
DA:383,0
DA:385,0
DA:386,0
DA:387,0
DA:388,0
DA:398,1
DA:400,0
DA:401,0
DA:404,0
DA:405,0
DA:406,0
DA:407,0
DA:418,1
DA:419,0
DA:420,0
DA:421,0
DA:433,0
DA:435,0
DA:444,0
DA:448,1
LF:162
LH:30
BRDA:105,0,0,0
BRDA:105,0,1,0
BRDA:138,1,0,0
BRDA:138,1,1,0
BRDA:144,2,0,0
BRDA:144,2,1,0
BRDA:147,3,0,0
BRDA:147,3,1,0
BRDA:165,4,0,0
BRDA:165,4,1,0
BRDA:188,5,0,0
BRDA:188,5,1,0
BRDA:188,6,0,0
BRDA:188,6,1,0
BRDA:190,7,0,0
BRDA:190,7,1,0
BRDA:207,8,0,0
BRDA:207,8,1,0
BRDA:207,9,0,0
BRDA:207,9,1,0
BRDA:209,10,0,0
BRDA:209,10,1,0
BRDA:213,11,0,0
BRDA:213,11,1,0
BRDA:221,12,0,0
BRDA:221,12,1,0
BRDA:242,13,0,0
BRDA:242,13,1,0
BRDA:277,14,0,0
BRDA:277,14,1,0
BRDA:347,15,0,0
BRDA:347,15,1,0
BRDA:385,16,0,0
BRDA:385,16,1,0
BRDA:400,17,0,0
BRDA:400,17,1,0
BRDA:420,18,0,0
BRDA:420,18,1,0
BRDA:44,19,0,1
BRDA:44,19,1,0
BRDA:44,20,0,1
BRDA:78,21,0,1
BRDA:78,21,1,0
BRDA:78,22,0,1
BRDA:78,23,0,1
BRDA:78,23,1,1
BRDA:78,23,2,0
BRDA:78,24,0,1
BRDA:78,24,1,1
BRDA:79,25,0,1
BRDA:79,25,1,1
BRDA:79,25,2,0
BRDA:79,26,0,1
BRDA:79,26,1,1
BRDA:80,27,0,1
BRDA:80,27,1,1
BRDA:80,27,2,0
BRDA:80,28,0,1
BRDA:80,28,1,1
BRDA:81,29,0,1
BRDA:81,29,1,1
BRDA:81,29,2,0
BRDA:81,30,0,1
BRDA:81,30,1,1
BRDA:82,31,0,1
BRDA:82,31,1,1
BRDA:82,31,2,0
BRDA:82,32,0,1
BRDA:82,32,1,1
BRF:69
BRH:24
end_of_record
TN:
SF:C:/Users/david/Documents/david's training/Project3/janus-webapp/client-side/src/app/portals/Bam/components/calendar/calendar-view/calendar.component.ts
FN:35,(anonymous_2)
FN:61,CalendarComponent
FN:65,(anonymous_4)
FN:68,(anonymous_5)
FN:73,(anonymous_6)
FN:77,(anonymous_7)
FN:101,(anonymous_8)
FN:112,(anonymous_9)
FN:163,(anonymous_10)
FN:165,(anonymous_11)
FN:169,(anonymous_12)
FN:176,(anonymous_13)
FN:186,(anonymous_14)
FN:203,(anonymous_15)
FN:212,(anonymous_16)
FN:242,(anonymous_17)
FN:243,(anonymous_18)
FN:267,(anonymous_19)
FN:288,(anonymous_20)
FN:322,(anonymous_21)
FN:325,(anonymous_22)
FN:342,(anonymous_23)
FN:369,(anonymous_24)
FN:379,(anonymous_25)
FN:397,(anonymous_26)
FN:420,(anonymous_27)
FN:438,(anonymous_28)
FN:449,(anonymous_29)
FN:465,(anonymous_30)
FN:484,(anonymous_31)
FN:490,(anonymous_32)
FNF:31
FNH:1
FNDA:1,(anonymous_2)
FNDA:0,CalendarComponent
FNDA:0,(anonymous_4)
FNDA:0,(anonymous_5)
FNDA:0,(anonymous_6)
FNDA:0,(anonymous_7)
FNDA:0,(anonymous_8)
FNDA:0,(anonymous_9)
FNDA:0,(anonymous_10)
FNDA:0,(anonymous_11)
FNDA:0,(anonymous_12)
FNDA:0,(anonymous_13)
FNDA:0,(anonymous_14)
FNDA:0,(anonymous_15)
FNDA:0,(anonymous_16)
FNDA:0,(anonymous_17)
FNDA:0,(anonymous_18)
FNDA:0,(anonymous_19)
FNDA:0,(anonymous_20)
FNDA:0,(anonymous_21)
FNDA:0,(anonymous_22)
FNDA:0,(anonymous_23)
FNDA:0,(anonymous_24)
FNDA:0,(anonymous_25)
FNDA:0,(anonymous_26)
FNDA:0,(anonymous_27)
FNDA:0,(anonymous_28)
FNDA:0,(anonymous_29)
FNDA:0,(anonymous_30)
FNDA:0,(anonymous_31)
FNDA:0,(anonymous_32)
DA:1,1
DA:2,1
DA:3,1
DA:5,1
DA:6,1
DA:7,1
DA:8,1
DA:9,1
DA:11,1
DA:13,1
DA:14,1
DA:27,1
DA:35,1
DA:36,1
DA:37,1
DA:38,1
DA:39,1
DA:40,1
DA:42,0
DA:43,0
DA:61,0
DA:62,0
DA:63,0
DA:65,1
DA:66,0
DA:67,0
DA:69,0
DA:70,0
DA:71,0
DA:72,0
DA:73,0
DA:74,0
DA:77,0
DA:78,0
DA:79,0
DA:80,0
DA:81,0
DA:84,0
DA:85,0
DA:87,0
DA:88,0
DA:99,0
DA:101,0
DA:102,0
DA:103,0
DA:105,0
DA:111,0
DA:113,0
DA:124,0
DA:125,0
DA:131,0
DA:132,0
DA:133,0
DA:158,0
DA:163,0
DA:166,0
DA:170,0
DA:176,1
DA:177,0
DA:178,0
DA:186,1
DA:187,0
DA:188,0
DA:190,0
DA:191,0
DA:192,0
DA:194,0
DA:195,0
DA:196,0
DA:203,1
DA:204,0
DA:212,1
DA:214,0
DA:215,0
DA:216,0
DA:217,0
DA:219,0
DA:220,0
DA:221,0
DA:234,0
DA:235,0
DA:242,1
DA:243,0
DA:244,0
DA:246,0
DA:247,0
DA:249,0
DA:250,0
DA:252,0
DA:253,0
DA:255,0
DA:256,0
DA:267,1
DA:268,0
DA:270,0
DA:271,0
DA:273,0
DA:277,0
DA:279,0
DA:288,1
DA:289,0
DA:292,0
DA:293,0
DA:295,0
DA:298,0
DA:299,0
DA:300,0
DA:302,0
DA:305,0
DA:308,0
DA:309,0
DA:310,0
DA:311,0
DA:312,0
DA:315,0
DA:316,0
DA:318,0
DA:319,0
DA:321,0
DA:323,0
DA:326,0
DA:330,0
DA:331,0
DA:342,1
DA:343,0
DA:344,0
DA:353,0
DA:354,0
DA:355,0
DA:357,0
DA:358,0
DA:359,0
DA:361,0
DA:362,0
DA:363,0
DA:364,0
DA:365,0
DA:369,1
DA:370,0
DA:379,1
DA:380,0
DA:381,0
DA:382,0
DA:383,0
DA:384,0
DA:385,0
DA:387,0
DA:389,0
DA:397,1
DA:398,0
DA:399,0
DA:400,0
DA:403,0
DA:405,0
DA:406,0
DA:407,0
DA:410,0
DA:411,0
DA:412,0
DA:420,1
DA:421,0
DA:423,0
DA:424,0
DA:426,0
DA:427,0
DA:429,0
DA:438,1
DA:439,0
DA:440,0
DA:442,0
DA:449,1
DA:450,0
DA:451,0
DA:452,0
DA:455,0
DA:465,1
DA:466,0
DA:467,0
DA:469,0
DA:470,0
DA:471,0
DA:472,0
DA:474,0
DA:484,1
DA:485,0
DA:486,0
DA:490,1
DA:491,0
DA:494,1
LF:189
LH:37
BRDA:87,0,0,0
BRDA:87,0,1,0
BRDA:244,1,0,0
BRDA:244,1,1,0
BRDA:292,2,0,0
BRDA:292,2,1,0
BRDA:299,3,0,0
BRDA:299,3,1,0
BRDA:308,4,0,0
BRDA:308,4,1,0
BRDA:343,5,0,0
BRDA:343,5,1,0
BRDA:399,6,0,0
BRDA:399,6,1,0
BRDA:405,7,0,0
BRDA:405,7,1,0
BRDA:423,8,0,0
BRDA:423,8,1,0
BRDA:439,9,0,0
BRDA:439,9,1,0
BRDA:451,10,0,0
BRDA:451,10,1,0
BRDA:470,11,0,0
BRDA:470,11,1,0
BRDA:36,12,0,1
BRDA:36,12,1,0
BRDA:36,13,0,1
BRDA:37,14,0,1
BRDA:37,14,1,0
BRDA:37,15,0,1
BRDA:38,16,0,1
BRDA:38,16,1,0
BRDA:38,17,0,1
BRDA:39,18,0,1
BRDA:39,18,1,0
BRDA:39,19,0,1
BRDA:40,20,0,1
BRDA:40,20,1,0
BRDA:40,21,0,1
BRDA:61,22,0,1
BRDA:61,22,1,0
BRDA:61,23,0,1
BRDA:61,24,0,1
BRDA:61,24,1,1
BRDA:61,24,2,0
BRDA:61,25,0,1
BRDA:61,25,1,1
BRDA:61,26,0,1
BRDA:61,26,1,1
BRDA:61,26,2,0
BRDA:61,27,0,1
BRDA:61,27,1,1
BRDA:62,28,0,1
BRDA:62,28,1,1
BRDA:62,28,2,0
BRDA:62,29,0,1
BRDA:62,29,1,1
BRDA:62,30,0,1
BRDA:62,30,1,1
BRDA:62,30,2,0
BRDA:62,31,0,1
BRDA:62,31,1,1
BRF:62
BRH:28
end_of_record
TN:
SF:C:/Users/david/Documents/david's training/Project3/janus-webapp/client-side/src/app/portals/Bam/components/calendar/edit-batch/edit-batch.component.ts
FN:21,(anonymous_2)
FN:32,EditBatchComponent
FN:42,(anonymous_4)
FN:58,(anonymous_5)
FN:61,(anonymous_6)
FN:72,(anonymous_7)
FN:80,(anonymous_8)
FN:89,(anonymous_9)
FN:98,(anonymous_10)
FN:102,(anonymous_11)
FN:104,(anonymous_12)
FNF:11
FNH:1
FNDA:1,(anonymous_2)
FNDA:0,EditBatchComponent
FNDA:0,(anonymous_4)
FNDA:0,(anonymous_5)
FNDA:0,(anonymous_6)
FNDA:0,(anonymous_7)
FNDA:0,(anonymous_8)
FNDA:0,(anonymous_9)
FNDA:0,(anonymous_10)
FNDA:0,(anonymous_11)
FNDA:0,(anonymous_12)
DA:1,1
DA:2,1
DA:5,1
DA:6,1
DA:9,1
DA:21,1
DA:23,1
DA:27,1
DA:28,0
DA:32,0
DA:42,1
DA:44,0
DA:45,0
DA:46,0
DA:50,0
DA:51,0
DA:52,0
DA:53,0
DA:58,0
DA:59,0
DA:60,0
DA:62,0
DA:72,1
DA:73,0
DA:80,1
DA:81,0
DA:89,1
DA:90,0
DA:98,1
DA:99,0
DA:102,1
DA:103,0
DA:104,0
DA:106,1
LF:34
LH:15
BRDA:44,0,0,0
BRDA:44,0,1,0
BRDA:51,1,0,0
BRDA:51,1,1,0
BRDA:23,2,0,1
BRDA:23,2,1,0
BRDA:23,3,0,1
BRDA:32,4,0,1
BRDA:32,4,1,0
BRDA:32,5,0,1
BRDA:32,6,0,1
BRDA:32,6,1,1
BRDA:32,6,2,0
BRDA:32,7,0,1
BRDA:32,7,1,1
BRDA:32,8,0,1
BRDA:32,8,1,1
BRDA:32,8,2,0
BRDA:32,9,0,1
BRDA:32,9,1,1
BRF:20
BRH:12
end_of_record
TN:
SF:C:/Users/david/Documents/david's training/Project3/janus-webapp/client-side/src/app/portals/Bam/components/calendar/existing-subtopic-modal/existing-subtopic-modal.component.ts
FN:17,(anonymous_2)
FN:23,ExistingSubtopicModalComponent
FN:25,(anonymous_4)
FN:31,(anonymous_5)
FNF:4
FNH:1
FNDA:1,(anonymous_2)
FNDA:0,ExistingSubtopicModalComponent
FNDA:0,(anonymous_4)
FNDA:0,(anonymous_5)
DA:1,1
DA:2,1
DA:17,1
DA:19,1
DA:21,1
DA:25,1
DA:31,1
DA:32,0
DA:33,0
DA:35,1
LF:10
LH:8
BRDA:19,0,0,1
BRDA:19,0,1,0
BRDA:19,1,0,1
BRDA:21,2,0,1
BRDA:21,2,1,0
BRDA:21,3,0,1
BRF:6
BRH:4
end_of_record
TN:
SF:C:/Users/david/Documents/david's training/Project3/janus-webapp/client-side/src/app/portals/Bam/components/calendar/remove-associate-from-batch/remove-associate-from-batch.component.ts
FN:19,(anonymous_2)
FN:28,RemoveAssociateFromBatchComponent
FN:31,(anonymous_4)
FN:33,(anonymous_5)
FN:41,(anonymous_6)
FN:45,(anonymous_7)
FN:48,(anonymous_8)
FN:57,(anonymous_9)
FNF:8
FNH:1
FNDA:1,(anonymous_2)
FNDA:0,RemoveAssociateFromBatchComponent
FNDA:0,(anonymous_4)
FNDA:0,(anonymous_5)
FNDA:0,(anonymous_6)
FNDA:0,(anonymous_7)
FNDA:0,(anonymous_8)
FNDA:0,(anonymous_9)
DA:1,1
DA:3,1
DA:5,1
DA:19,1
DA:23,1
DA:24,1
DA:25,1
DA:26,1
DA:28,0
DA:31,1
DA:32,0
DA:33,0
DA:41,1
DA:42,0
DA:43,0
DA:44,0
DA:45,0
DA:46,0
DA:47,0
DA:49,0
DA:51,0
DA:53,0
DA:57,1
DA:58,0
DA:61,1
LF:25
LH:12
BRDA:44,0,0,0
BRDA:44,0,1,0
BRDA:26,1,0,1
BRDA:26,1,1,0
BRDA:26,2,0,1
BRDA:28,3,0,1
BRDA:28,3,1,0
BRDA:28,4,0,1
BRDA:28,5,0,1
BRDA:28,5,1,1
BRDA:28,5,2,0
BRDA:28,6,0,1
BRDA:28,6,1,1
BRF:13
BRH:8
end_of_record
TN:
SF:C:/Users/david/Documents/david's training/Project3/janus-webapp/client-side/src/app/portals/Bam/components/calendar/view-associates/view-associates.component.ts
FN:22,(anonymous_2)
FN:30,ViewAssociatesComponent
FN:33,(anonymous_4)
FN:40,(anonymous_5)
FN:43,(anonymous_6)
FN:49,(anonymous_7)
FNF:6
FNH:1
FNDA:1,(anonymous_2)
FNDA:0,ViewAssociatesComponent
FNDA:0,(anonymous_4)
FNDA:0,(anonymous_5)
FNDA:0,(anonymous_6)
FNDA:0,(anonymous_7)
DA:1,1
DA:3,1
DA:6,1
DA:7,1
DA:8,1
DA:22,1
DA:23,0
DA:24,0
DA:26,0
DA:27,0
DA:30,0
DA:31,0
DA:33,1
DA:34,0
DA:40,1
DA:41,0
DA:42,0
DA:43,0
DA:44,0
DA:49,1
DA:50,0
DA:51,0
DA:54,0
DA:57,1
LF:24
LH:10
BRDA:42,0,0,0
BRDA:42,0,1,0
BRDA:50,1,0,0
BRDA:50,1,1,0
BRDA:30,2,0,1
BRDA:30,2,1,0
BRDA:30,3,0,1
BRDA:30,4,0,1
BRDA:30,4,1,1
BRDA:30,4,2,0
BRDA:30,5,0,1
BRDA:30,5,1,1
BRDA:30,6,0,1
BRDA:30,6,1,1
BRDA:30,6,2,0
BRDA:30,7,0,1
BRDA:30,7,1,1
BRDA:30,8,0,1
BRDA:30,8,1,1
BRDA:30,8,2,0
BRDA:30,9,0,1
BRDA:30,9,1,1
BRF:22
BRH:14
end_of_record
TN:
SF:C:/Users/david/Documents/david's training/Project3/janus-webapp/client-side/src/app/portals/Bam/components/curriculum-editor/course-structure/course-structure.component.ts
FN:21,(anonymous_2)
FN:32,CourseStructureComponent
FN:34,(anonymous_4)
FN:45,(anonymous_5)
FN:49,(anonymous_6)
FN:79,(anonymous_7)
FN:82,(anonymous_8)
FN:87,(anonymous_9)
FN:106,(anonymous_10)
FN:117,(anonymous_11)
FN:129,(anonymous_12)
FN:132,(anonymous_14)
FN:154,(anonymous_15)
FN:159,(anonymous_17)
FN:186,(anonymous_18)
FN:196,(anonymous_19)
FN:198,(anonymous_20)
FN:216,(anonymous_21)
FN:218,(anonymous_22)
FN:226,(anonymous_23)
FN:242,(anonymous_24)
FN:253,(anonymous_25)
FN:263,(anonymous_26)
FN:280,(anonymous_27)
FN:283,(anonymous_28)
FN:288,(anonymous_29)
FNF:26
FNH:1
FNDA:1,(anonymous_2)
FNDA:0,CourseStructureComponent
FNDA:0,(anonymous_4)
FNDA:0,(anonymous_5)
FNDA:0,(anonymous_6)
FNDA:0,(anonymous_7)
FNDA:0,(anonymous_8)
FNDA:0,(anonymous_9)
FNDA:0,(anonymous_10)
FNDA:0,(anonymous_11)
FNDA:0,(anonymous_12)
FNDA:0,(anonymous_14)
FNDA:0,(anonymous_15)
FNDA:0,(anonymous_17)
FNDA:0,(anonymous_18)
FNDA:0,(anonymous_19)
FNDA:0,(anonymous_20)
FNDA:0,(anonymous_21)
FNDA:0,(anonymous_22)
FNDA:0,(anonymous_23)
FNDA:0,(anonymous_24)
FNDA:0,(anonymous_25)
FNDA:0,(anonymous_26)
FNDA:0,(anonymous_27)
FNDA:0,(anonymous_28)
FNDA:0,(anonymous_29)
DA:1,1
DA:2,1
DA:3,1
DA:4,1
DA:6,1
DA:8,1
DA:9,1
DA:11,1
DA:12,1
DA:21,1
DA:24,0
DA:26,0
DA:27,0
DA:28,0
DA:29,0
DA:30,1
DA:32,0
DA:34,1
DA:35,0
DA:45,1
DA:48,0
DA:50,0
DA:51,0
DA:53,0
DA:54,0
DA:56,0
DA:57,0
DA:58,0
DA:59,0
DA:60,0
DA:64,0
DA:65,0
DA:66,0
DA:67,0
DA:68,0
DA:69,0
DA:70,0
DA:76,0
DA:79,1
DA:80,0
DA:81,0
DA:83,0
DA:86,0
DA:88,0
DA:89,0
DA:90,0
DA:91,0
DA:92,0
DA:96,0
DA:106,1
DA:107,0
DA:108,0
DA:109,0
DA:117,1
DA:118,0
DA:129,1
DA:130,0
DA:131,0
DA:132,0
DA:154,1
DA:155,0
DA:156,0
DA:157,0
DA:158,0
DA:159,0
DA:160,0
DA:161,0
DA:164,0
DA:165,0
DA:166,0
DA:167,0
DA:168,0
DA:169,0
DA:171,0
DA:172,0
DA:173,0
DA:176,0
DA:177,0
DA:186,1
DA:187,0
DA:196,1
DA:197,0
DA:199,0
DA:200,0
DA:202,0
DA:203,0
DA:204,0
DA:205,0
DA:206,0
DA:216,1
DA:217,0
DA:219,0
DA:220,0
DA:221,0
DA:222,0
DA:223,0
DA:224,0
DA:226,0
DA:227,0
DA:228,0
DA:242,1
DA:243,0
DA:244,0
DA:245,0
DA:253,1
DA:254,0
DA:255,0
DA:258,0
DA:259,0
DA:263,1
DA:264,0
DA:265,0
DA:266,0
DA:267,0
DA:268,0
DA:269,0
DA:280,1
DA:281,0
DA:282,0
DA:283,0
DA:284,0
DA:285,0
DA:288,0
DA:289,0
DA:290,0
DA:292,0
DA:293,0
DA:294,0
DA:295,0
DA:296,0
DA:298,0
DA:301,1
LF:132
LH:26
BRDA:50,0,0,0
BRDA:50,0,1,0
BRDA:69,1,0,0
BRDA:69,1,1,0
BRDA:90,2,0,0
BRDA:90,2,1,0
BRDA:160,3,0,0
BRDA:160,3,1,0
BRDA:165,4,0,0
BRDA:165,4,1,0
BRDA:168,5,0,0
BRDA:168,5,1,0
BRDA:171,6,0,0
BRDA:171,6,1,0
BRDA:171,7,0,0
BRDA:171,7,1,0
BRDA:199,8,0,0
BRDA:199,8,1,0
BRDA:227,9,0,0
BRDA:227,9,1,0
BRDA:284,10,0,0
BRDA:284,10,1,0
BRDA:289,11,0,0
BRDA:289,11,1,0
BRDA:32,12,0,1
BRDA:32,12,1,0
BRDA:32,13,0,1
BRDA:32,14,0,1
BRDA:32,14,1,1
BRDA:32,14,2,0
BRDA:32,15,0,1
BRDA:32,15,1,1
BRDA:32,16,0,1
BRDA:32,16,1,1
BRDA:32,16,2,0
BRDA:32,17,0,1
BRDA:32,17,1,1
BRF:37
BRH:10
end_of_record
TN:
SF:C:/Users/david/Documents/david's training/Project3/janus-webapp/client-side/src/app/portals/Bam/components/curriculum-editor/curriculum-week/curriculum-week.component.ts
FN:22,(anonymous_2)
FN:41,CurriculumWeekComponent
FN:46,(anonymous_4)
FN:56,(anonymous_5)
FN:57,(anonymous_6)
FN:58,(anonymous_7)
FN:76,(anonymous_8)
FN:77,(anonymous_9)
FN:104,(anonymous_10)
FN:106,(anonymous_11)
FN:119,(anonymous_12)
FN:130,(anonymous_13)
FN:139,(anonymous_14)
FN:149,(anonymous_15)
FN:154,(anonymous_16)
FN:165,(anonymous_17)
FN:167,(anonymous_18)
FNF:17
FNH:1
FNDA:1,(anonymous_2)
FNDA:0,CurriculumWeekComponent
FNDA:0,(anonymous_4)
FNDA:0,(anonymous_5)
FNDA:0,(anonymous_6)
FNDA:0,(anonymous_7)
FNDA:0,(anonymous_8)
FNDA:0,(anonymous_9)
FNDA:0,(anonymous_10)
FNDA:0,(anonymous_11)
FNDA:0,(anonymous_12)
FNDA:0,(anonymous_13)
FNDA:0,(anonymous_14)
FNDA:0,(anonymous_15)
FNDA:0,(anonymous_16)
FNDA:0,(anonymous_17)
FNDA:0,(anonymous_18)
DA:1,1
DA:2,1
DA:5,1
DA:7,1
DA:9,1
DA:22,1
DA:24,1
DA:25,1
DA:26,0
DA:27,0
DA:28,0
DA:29,0
DA:30,0
DA:31,0
DA:32,1
DA:33,1
DA:34,0
DA:35,0
DA:36,0
DA:37,0
DA:38,0
DA:39,0
DA:41,0
DA:42,0
DA:46,1
DA:47,0
DA:56,1
DA:57,0
DA:58,0
DA:59,0
DA:60,0
DA:61,0
DA:63,0
DA:64,0
DA:68,0
DA:69,0
DA:76,1
DA:77,0
DA:78,0
DA:80,0
DA:81,0
DA:83,0
DA:84,0
DA:86,0
DA:87,0
DA:89,0
DA:90,0
DA:92,0
DA:93,0
DA:96,0
DA:104,1
DA:105,0
DA:107,0
DA:119,1
DA:120,0
DA:130,1
DA:131,0
DA:132,0
DA:139,1
DA:140,0
DA:149,1
DA:150,0
DA:151,0
DA:154,1
DA:155,0
DA:156,0
DA:165,1
DA:166,0
DA:167,0
DA:170,1
LF:70
LH:21
BRDA:59,0,0,0
BRDA:59,0,1,0
BRDA:79,1,0,0
BRDA:79,1,1,0
BRDA:79,1,2,0
BRDA:79,1,3,0
BRDA:79,1,4,0
BRDA:41,2,0,1
BRDA:41,2,1,0
BRDA:41,3,0,1
BRDA:41,4,0,1
BRDA:41,4,1,1
BRDA:41,4,2,0
BRDA:41,5,0,1
BRDA:41,5,1,1
BRF:15
BRH:6
end_of_record
TN:
SF:C:/Users/david/Documents/david's training/Project3/janus-webapp/client-side/src/app/portals/Bam/components/curriculum-editor/main-curriculum-view/main-curriculum-view.component.ts
FN:34,(anonymous_2)
FN:46,MainCurriculumViewComponent
FN:51,(anonymous_4)
FN:55,(anonymous_5)
FN:70,(anonymous_6)
FN:71,(anonymous_7)
FN:72,(anonymous_8)
FN:78,(anonymous_9)
FN:79,(anonymous_10)
FN:86,(anonymous_11)
FN:87,(anonymous_12)
FN:101,(anonymous_13)
FN:111,(anonymous_14)
FN:133,(anonymous_15)
FN:142,(anonymous_16)
FN:154,(anonymous_17)
FN:163,(anonymous_18)
FN:166,(anonymous_19)
FN:178,(anonymous_20)
FN:186,(anonymous_21)
FN:231,(anonymous_22)
FN:235,(anonymous_23)
FN:250,(anonymous_24)
FN:252,(anonymous_25)
FN:258,(anonymous_26)
FN:269,(anonymous_27)
FN:274,(anonymous_29)
FN:290,(anonymous_30)
FN:292,(anonymous_31)
FN:306,(anonymous_32)
FN:318,(anonymous_33)
FN:329,(anonymous_34)
FN:330,(anonymous_35)
FN:339,(anonymous_36)
FN:362,(anonymous_37)
FN:371,(anonymous_38)
FN:391,(anonymous_39)
FN:394,(anonymous_40)
FN:398,(anonymous_41)
FN:400,(anonymous_42)
FN:401,(anonymous_43)
FN:410,(anonymous_44)
FN:424,(anonymous_45)
FN:426,(anonymous_46)
FN:434,(anonymous_47)
FN:434,(anonymous_48)
FN:441,(anonymous_49)
FN:453,(anonymous_50)
FN:464,(anonymous_51)
FN:465,(anonymous_52)
FN:467,(anonymous_53)
FN:479,(anonymous_54)
FN:494,(anonymous_55)
FNF:53
FNH:1
FNDA:1,(anonymous_2)
FNDA:0,MainCurriculumViewComponent
FNDA:0,(anonymous_4)
FNDA:0,(anonymous_5)
FNDA:0,(anonymous_6)
FNDA:0,(anonymous_7)
FNDA:0,(anonymous_8)
FNDA:0,(anonymous_9)
FNDA:0,(anonymous_10)
FNDA:0,(anonymous_11)
FNDA:0,(anonymous_12)
FNDA:0,(anonymous_13)
FNDA:0,(anonymous_14)
FNDA:0,(anonymous_15)
FNDA:0,(anonymous_16)
FNDA:0,(anonymous_17)
FNDA:0,(anonymous_18)
FNDA:0,(anonymous_19)
FNDA:0,(anonymous_20)
FNDA:0,(anonymous_21)
FNDA:0,(anonymous_22)
FNDA:0,(anonymous_23)
FNDA:0,(anonymous_24)
FNDA:0,(anonymous_25)
FNDA:0,(anonymous_26)
FNDA:0,(anonymous_27)
FNDA:0,(anonymous_29)
FNDA:0,(anonymous_30)
FNDA:0,(anonymous_31)
FNDA:0,(anonymous_32)
FNDA:0,(anonymous_33)
FNDA:0,(anonymous_34)
FNDA:0,(anonymous_35)
FNDA:0,(anonymous_36)
FNDA:0,(anonymous_37)
FNDA:0,(anonymous_38)
FNDA:0,(anonymous_39)
FNDA:0,(anonymous_40)
FNDA:0,(anonymous_41)
FNDA:0,(anonymous_42)
FNDA:0,(anonymous_43)
FNDA:0,(anonymous_44)
FNDA:0,(anonymous_45)
FNDA:0,(anonymous_46)
FNDA:0,(anonymous_47)
FNDA:0,(anonymous_48)
FNDA:0,(anonymous_49)
FNDA:0,(anonymous_50)
FNDA:0,(anonymous_51)
FNDA:0,(anonymous_52)
FNDA:0,(anonymous_53)
FNDA:0,(anonymous_54)
FNDA:0,(anonymous_55)
DA:1,1
DA:2,1
DA:4,1
DA:8,1
DA:9,1
DA:11,1
DA:12,1
DA:13,1
DA:15,1
DA:16,1
DA:17,1
DA:18,1
DA:19,1
DA:21,1
DA:22,1
DA:34,1
DA:36,0
DA:37,0
DA:39,0
DA:40,0
DA:42,0
DA:44,1
DA:46,0
DA:47,0
DA:48,0
DA:51,1
DA:52,0
DA:53,0
DA:54,0
DA:55,0
DA:56,0
DA:57,0
DA:59,0
DA:70,1
DA:71,0
DA:72,0
DA:73,0
DA:74,0
DA:78,0
DA:79,0
DA:80,0
DA:81,0
DA:82,0
DA:83,0
DA:86,0
DA:87,0
DA:88,0
DA:89,0
DA:90,0
DA:91,0
DA:101,1
DA:102,0
DA:111,1
DA:112,0
DA:113,0
DA:114,0
DA:115,0
DA:117,0
DA:120,0
DA:121,0
DA:122,0
DA:124,0
DA:133,1
DA:134,0
DA:142,1
DA:143,0
DA:154,1
DA:155,0
DA:156,0
DA:157,0
DA:158,0
DA:160,0
DA:162,0
DA:163,0
DA:165,0
DA:167,0
DA:170,0
DA:171,0
DA:172,0
DA:173,0
DA:175,0
DA:176,0
DA:179,0
DA:180,0
DA:181,0
DA:186,1
DA:187,0
DA:188,0
DA:190,0
DA:191,0
DA:192,0
DA:194,0
DA:195,0
DA:196,0
DA:197,0
DA:198,0
DA:199,0
DA:200,0
DA:202,0
DA:203,0
DA:204,0
DA:205,0
DA:206,0
DA:207,0
DA:210,0
DA:211,0
DA:212,0
DA:213,0
DA:214,0
DA:215,0
DA:216,0
DA:217,0
DA:222,0
DA:231,1
DA:232,0
DA:233,0
DA:234,0
DA:235,0
DA:236,0
DA:237,0
DA:240,0
DA:241,0
DA:250,1
DA:251,0
DA:254,0
DA:255,0
DA:256,0
DA:259,0
DA:269,1
DA:270,0
DA:271,0
DA:272,0
DA:273,0
DA:274,0
DA:275,0
DA:276,0
DA:280,0
DA:281,0
DA:290,1
DA:291,0
DA:292,0
DA:293,0
DA:294,0
DA:297,0
DA:306,1
DA:307,0
DA:308,0
DA:318,1
DA:319,0
DA:320,0
DA:329,1
DA:330,0
DA:331,0
DA:339,1
DA:340,0
DA:341,0
DA:342,0
DA:343,0
DA:345,0
DA:346,0
DA:349,0
DA:350,0
DA:353,0
DA:354,0
DA:362,1
DA:363,0
DA:371,1
DA:372,0
DA:373,0
DA:374,0
DA:375,0
DA:377,0
DA:379,0
DA:380,0
DA:382,0
DA:391,1
DA:392,0
DA:393,0
DA:394,0
DA:395,0
DA:396,0
DA:398,0
DA:399,0
DA:400,0
DA:401,0
DA:410,1
DA:411,0
DA:412,0
DA:415,0
DA:424,1
DA:425,0
DA:426,0
DA:427,0
DA:428,0
DA:429,0
DA:430,0
DA:432,0
DA:434,0
DA:441,1
DA:442,0
DA:443,0
DA:445,0
DA:453,1
DA:454,0
DA:464,1
DA:465,0
DA:466,0
DA:467,0
DA:468,0
DA:469,0
DA:470,0
DA:471,0
DA:479,1
DA:481,0
DA:482,0
DA:483,0
DA:484,0
DA:485,0
DA:494,1
DA:495,0
DA:498,0
DA:500,1
LF:222
LH:44
BRDA:56,0,0,0
BRDA:56,0,1,0
BRDA:56,1,0,0
BRDA:56,1,1,0
BRDA:113,2,0,0
BRDA:113,2,1,0
BRDA:120,3,0,0
BRDA:120,3,1,0
BRDA:196,4,0,0
BRDA:196,4,1,0
BRDA:233,5,0,0
BRDA:233,5,1,0
BRDA:235,6,0,0
BRDA:235,6,1,0
BRDA:236,7,0,0
BRDA:236,7,1,0
BRDA:270,8,0,0
BRDA:270,8,1,0
BRDA:275,9,0,0
BRDA:275,9,1,0
BRDA:293,10,0,0
BRDA:293,10,1,0
BRDA:345,11,0,0
BRDA:345,11,1,0
BRDA:349,12,0,0
BRDA:349,12,1,0
BRDA:374,13,0,0
BRDA:374,13,1,0
BRDA:379,14,0,0
BRDA:379,14,1,0
BRDA:411,15,0,0
BRDA:411,15,1,0
BRDA:427,16,0,0
BRDA:427,16,1,0
BRDA:429,17,0,0
BRDA:429,17,1,0
BRDA:442,18,0,0
BRDA:442,18,1,0
BRDA:44,19,0,1
BRDA:44,19,1,0
BRDA:44,20,0,1
BRDA:46,21,0,1
BRDA:46,21,1,0
BRDA:46,22,0,1
BRDA:46,23,0,1
BRDA:46,23,1,1
BRDA:46,23,2,0
BRDA:46,24,0,1
BRDA:46,24,1,1
BRDA:47,25,0,1
BRDA:47,25,1,1
BRDA:47,25,2,0
BRDA:47,26,0,1
BRDA:47,26,1,1
BRDA:47,27,0,1
BRDA:47,27,1,1
BRDA:47,27,2,0
BRDA:47,28,0,1
BRDA:47,28,1,1
BRF:59
BRH:16
end_of_record
TN:
SF:C:/Users/david/Documents/david's training/Project3/janus-webapp/client-side/src/app/portals/Bam/components/curriculum-editor/subtopic-search/subtopic-search.component.ts
FN:9,(anonymous_2)
FN:13,SubtopicSearchComponent
FN:15,(anonymous_4)
FN:16,(anonymous_5)
FN:31,(anonymous_6)
FNF:5
FNH:1
FNDA:1,(anonymous_2)
FNDA:0,SubtopicSearchComponent
FNDA:0,(anonymous_4)
FNDA:0,(anonymous_5)
FNDA:0,(anonymous_6)
DA:1,1
DA:2,1
DA:9,1
DA:13,0
DA:15,1
DA:16,0
DA:17,0
DA:18,0
DA:31,1
DA:32,0
DA:37,1
LF:11
LH:6
BRDA:17,0,0,0
BRDA:17,0,1,0
BRDA:13,1,0,1
BRDA:13,1,1,0
BRDA:13,2,0,1
BRF:5
BRH:2
end_of_record
TN:
SF:C:/Users/david/Documents/david's training/Project3/janus-webapp/client-side/src/app/portals/Bam/components/curriculum-editor/topic-pool/topic-pool.component.ts
FN:24,(anonymous_2)
FN:36,TopicPoolComponent
FN:51,(anonymous_4)
FN:59,(anonymous_5)
FN:61,(anonymous_6)
FN:66,(anonymous_7)
FN:74,(anonymous_8)
FN:92,(anonymous_9)
FN:105,(anonymous_10)
FN:113,(anonymous_11)
FN:127,(anonymous_12)
FN:128,(anonymous_13)
FN:131,(anonymous_14)
FN:151,(anonymous_15)
FN:164,(anonymous_16)
FN:172,(anonymous_17)
FN:175,(anonymous_18)
FN:177,(anonymous_19)
FN:178,(anonymous_20)
FN:197,(anonymous_21)
FN:212,(anonymous_22)
FN:214,(anonymous_23)
FN:216,(anonymous_24)
FN:223,(anonymous_25)
FN:239,(anonymous_26)
FN:255,(anonymous_27)
FN:258,(anonymous_28)
FN:264,(anonymous_29)
FNF:28
FNH:1
FNDA:1,(anonymous_2)
FNDA:0,TopicPoolComponent
FNDA:0,(anonymous_4)
FNDA:0,(anonymous_5)
FNDA:0,(anonymous_6)
FNDA:0,(anonymous_7)
FNDA:0,(anonymous_8)
FNDA:0,(anonymous_9)
FNDA:0,(anonymous_10)
FNDA:0,(anonymous_11)
FNDA:0,(anonymous_12)
FNDA:0,(anonymous_13)
FNDA:0,(anonymous_14)
FNDA:0,(anonymous_15)
FNDA:0,(anonymous_16)
FNDA:0,(anonymous_17)
FNDA:0,(anonymous_18)
FNDA:0,(anonymous_19)
FNDA:0,(anonymous_20)
FNDA:0,(anonymous_21)
FNDA:0,(anonymous_22)
FNDA:0,(anonymous_23)
FNDA:0,(anonymous_24)
FNDA:0,(anonymous_25)
FNDA:0,(anonymous_26)
FNDA:0,(anonymous_27)
FNDA:0,(anonymous_28)
FNDA:0,(anonymous_29)
DA:1,1
DA:4,1
DA:6,1
DA:7,1
DA:8,1
DA:9,1
DA:10,1
DA:11,1
DA:24,1
DA:25,0
DA:29,0
DA:30,0
DA:31,0
DA:32,0
DA:33,1
DA:36,0
DA:37,0
DA:38,0
DA:39,0
DA:40,0
DA:41,0
DA:42,0
DA:45,1
DA:51,1
DA:52,0
DA:59,1
DA:60,0
DA:61,0
DA:64,0
DA:65,0
DA:67,0
DA:68,0
DA:69,0
DA:70,0
DA:71,0
DA:72,0
DA:75,0
DA:79,0
DA:80,0
DA:81,0
DA:82,0
DA:83,0
DA:92,1
DA:93,0
DA:94,0
DA:105,1
DA:106,0
DA:113,1
DA:114,0
DA:115,0
DA:127,1
DA:128,0
DA:129,0
DA:130,0
DA:131,0
DA:132,0
DA:134,0
DA:135,0
DA:136,0
DA:137,0
DA:151,1
DA:152,0
DA:153,0
DA:164,1
DA:165,0
DA:172,1
DA:174,0
DA:176,0
DA:177,0
DA:178,0
DA:197,1
DA:198,0
DA:212,1
DA:213,0
DA:215,0
DA:217,0
DA:218,0
DA:219,0
DA:220,0
DA:221,0
DA:223,0
DA:239,1
DA:240,0
DA:241,0
DA:242,0
DA:255,1
DA:256,0
DA:257,0
DA:259,0
DA:260,0
DA:261,0
DA:262,0
DA:264,0
DA:266,0
DA:270,1
LF:95
LH:25
BRDA:64,0,0,0
BRDA:64,0,1,0
BRDA:129,1,0,0
BRDA:129,1,1,0
BRDA:136,2,0,0
BRDA:136,2,1,0
BRDA:256,3,0,0
BRDA:256,3,1,0
BRDA:36,4,0,1
BRDA:36,4,1,0
BRDA:36,5,0,1
BRDA:36,6,0,1
BRDA:36,6,1,1
BRDA:36,6,2,0
BRDA:36,7,0,1
BRDA:36,7,1,1
BRDA:37,8,0,1
BRDA:37,8,1,1
BRDA:37,8,2,0
BRDA:37,9,0,1
BRDA:37,9,1,1
BRDA:38,10,0,1
BRDA:38,10,1,1
BRDA:38,10,2,0
BRDA:38,11,0,1
BRDA:38,11,1,1
BRDA:39,12,0,1
BRDA:39,12,1,1
BRDA:39,12,2,0
BRDA:39,13,0,1
BRDA:39,13,1,1
BRDA:40,14,0,1
BRDA:40,14,1,1
BRDA:40,14,2,0
BRDA:40,15,0,1
BRDA:40,15,1,1
BRDA:41,16,0,1
BRDA:41,16,1,1
BRDA:41,16,2,0
BRDA:41,17,0,1
BRDA:41,17,1,1
BRF:41
BRH:26
end_of_record
TN:
SF:C:/Users/david/Documents/david's training/Project3/janus-webapp/client-side/src/app/portals/Bam/components/curriculum-editor/topic-search/topic-search.component.ts
FN:10,(anonymous_2)
FN:13,TopicSearchComponent
FN:15,(anonymous_4)
FN:16,(anonymous_5)
FN:31,(anonymous_6)
FNF:5
FNH:1
FNDA:1,(anonymous_2)
FNDA:0,TopicSearchComponent
FNDA:0,(anonymous_4)
FNDA:0,(anonymous_5)
FNDA:0,(anonymous_6)
DA:1,1
DA:2,1
DA:10,1
DA:13,0
DA:15,1
DA:16,0
DA:17,0
DA:18,0
DA:31,1
DA:32,0
DA:35,1
LF:11
LH:6
BRDA:17,0,0,0
BRDA:17,0,1,0
BRDA:13,1,0,1
BRDA:13,1,1,0
BRDA:13,2,0,1
BRF:5
BRH:2
end_of_record
TN:
SF:C:/Users/david/Documents/david's training/Project3/janus-webapp/client-side/src/app/portals/Bam/components/dashboard/batch-progress-bar/batch-progress-bar.component.ts
FN:25,(anonymous_2)
FN:51,BatchProgressBarComponent
FN:56,(anonymous_4)
FN:60,(anonymous_5)
FN:72,(anonymous_6)
FN:73,(anonymous_7)
FN:77,(anonymous_8)
FN:86,(anonymous_9)
FN:91,(anonymous_10)
FN:96,(anonymous_11)
FN:100,(anonymous_12)
FN:113,(anonymous_13)
FNF:12
FNH:1
FNDA:1,(anonymous_2)
FNDA:0,BatchProgressBarComponent
FNDA:0,(anonymous_4)
FNDA:0,(anonymous_5)
FNDA:0,(anonymous_6)
FNDA:0,(anonymous_7)
FNDA:0,(anonymous_8)
FNDA:0,(anonymous_9)
FNDA:0,(anonymous_10)
FNDA:0,(anonymous_11)
FNDA:0,(anonymous_12)
FNDA:0,(anonymous_13)
DA:1,1
DA:3,1
DA:6,1
DA:8,1
DA:11,1
DA:14,1
DA:25,1
DA:30,0
DA:51,0
DA:52,0
DA:54,0
DA:56,1
DA:60,1
DA:61,0
DA:62,0
DA:63,0
DA:65,0
DA:72,1
DA:73,0
DA:74,0
DA:75,0
DA:76,0
DA:78,0
DA:79,0
DA:80,0
DA:86,1
DA:87,0
DA:88,0
DA:90,0
DA:92,0
DA:93,0
DA:94,0
DA:95,0
DA:96,0
DA:97,0
DA:100,0
DA:101,0
DA:102,0
DA:103,0
DA:104,0
DA:107,0
DA:108,0
DA:110,0
DA:112,0
DA:114,0
DA:115,0
DA:116,0
DA:117,0
DA:119,0
DA:121,0
DA:123,0
DA:128,0
DA:129,0
DA:130,0
DA:131,0
DA:132,0
DA:133,0
DA:135,0
DA:136,0
DA:137,0
DA:138,0
DA:139,0
DA:140,0
DA:141,0
DA:143,0
DA:144,0
DA:145,0
DA:146,0
DA:147,0
DA:149,0
DA:150,0
DA:151,0
DA:152,0
DA:154,0
DA:155,0
DA:156,0
DA:157,0
DA:158,0
DA:161,0
DA:162,0
DA:163,0
DA:164,0
DA:169,0
DA:173,0
DA:174,0
DA:176,0
DA:177,0
DA:183,1
LF:88
LH:12
BRDA:61,0,0,0
BRDA:61,0,1,0
BRDA:78,1,0,0
BRDA:78,1,1,0
BRDA:117,2,0,0
BRDA:117,2,1,0
BRDA:131,3,0,0
BRDA:131,3,1,0
BRDA:140,4,0,0
BRDA:140,4,1,0
BRDA:140,5,0,0
BRDA:140,5,1,0
BRDA:143,6,0,0
BRDA:143,6,1,0
BRDA:147,7,0,0
BRDA:147,7,1,0
BRDA:149,8,0,0
BRDA:149,8,1,0
BRDA:156,9,0,0
BRDA:156,9,1,0
BRDA:161,10,0,0
BRDA:161,10,1,0
BRDA:176,11,0,0
BRDA:176,11,1,0
BRDA:51,12,0,1
BRDA:51,12,1,0
BRDA:51,13,0,1
BRDA:51,14,0,1
BRDA:51,14,1,1
BRDA:51,14,2,0
BRDA:51,15,0,1
BRDA:51,15,1,1
BRDA:51,16,0,1
BRDA:51,16,1,1
BRDA:51,16,2,0
BRDA:51,17,0,1
BRDA:51,17,1,1
BRDA:52,18,0,1
BRDA:52,18,1,1
BRDA:52,18,2,0
BRDA:52,19,0,1
BRDA:52,19,1,1
BRF:42
BRH:14
end_of_record
TN:
SF:C:/Users/david/Documents/david's training/Project3/janus-webapp/client-side/src/app/portals/Bam/components/dashboard/dashboardinfo/dashboardinfo.component.ts
FN:19,(anonymous_2)
FN:29,DashboardInfoComponent
FN:36,(anonymous_4)
FN:37,(anonymous_5)
FN:41,(anonymous_6)
FN:55,(anonymous_7)
FN:78,(anonymous_8)
FNF:7
FNH:1
FNDA:1,(anonymous_2)
FNDA:0,DashboardInfoComponent
FNDA:0,(anonymous_4)
FNDA:0,(anonymous_5)
FNDA:0,(anonymous_6)
FNDA:0,(anonymous_7)
FNDA:0,(anonymous_8)
DA:1,1
DA:5,1
DA:6,1
DA:19,1
DA:29,0
DA:30,0
DA:36,1
DA:37,0
DA:38,0
DA:39,0
DA:40,0
DA:42,0
DA:44,0
DA:45,0
DA:55,1
DA:56,0
DA:57,0
DA:58,0
DA:59,0
DA:60,0
DA:63,0
DA:66,0
DA:67,0
DA:69,0
DA:78,1
DA:79,0
DA:80,0
DA:81,0
DA:82,0
DA:84,0
DA:86,1
LF:31
LH:8
BRDA:42,0,0,0
BRDA:42,0,1,0
BRDA:59,1,0,0
BRDA:59,1,1,0
BRDA:66,2,0,0
BRDA:66,2,1,0
BRDA:80,3,0,0
BRDA:80,3,1,0
BRDA:29,4,0,1
BRDA:29,4,1,0
BRDA:29,5,0,1
BRDA:29,6,0,1
BRDA:29,6,1,1
BRDA:29,6,2,0
BRDA:29,7,0,1
BRDA:29,7,1,1
BRF:16
BRH:6
end_of_record
TN:
SF:C:/Users/david/Documents/david's training/Project3/janus-webapp/client-side/src/app/portals/Bam/components/dashboard/ui/loading-spinner/loading-spinner.component.ts
FN:11,(anonymous_2)
FN:13,LoadingSpinnerComponent
FN:15,(anonymous_4)
FNF:3
FNH:1
FNDA:1,(anonymous_2)
FNDA:0,LoadingSpinnerComponent
FNDA:0,(anonymous_4)
DA:1,1
DA:11,1
DA:15,1
DA:18,1
LF:4
LH:4
BRF:0
BRH:0
end_of_record
TN:
SF:C:/Users/david/Documents/david's training/Project3/janus-webapp/client-side/src/app/portals/Bam/components/dashboard/welcome/welcome.component.ts
FN:21,(anonymous_2)
FN:29,WelcomeComponent
FN:33,(anonymous_4)
FN:50,(anonymous_5)
FN:53,(anonymous_6)
FN:68,(anonymous_7)
FN:77,(anonymous_8)
FN:94,(anonymous_9)
FN:98,(anonymous_10)
FNF:9
FNH:7
FNDA:1,(anonymous_2)
FNDA:15,WelcomeComponent
FNDA:13,(anonymous_4)
FNDA:14,(anonymous_5)
FNDA:0,(anonymous_6)
FNDA:1,(anonymous_7)
FNDA:3,(anonymous_8)
FNDA:0,(anonymous_9)
FNDA:1,(anonymous_10)
DA:1,1
DA:5,1
DA:6,1
DA:8,1
DA:21,1
DA:29,15
DA:30,15
DA:31,15
DA:33,1
DA:34,13
DA:35,13
DA:36,0
DA:37,0
DA:38,0
DA:40,13
DA:50,14
DA:53,14
DA:54,0
DA:55,0
DA:56,0
DA:58,0
DA:60,0
DA:68,1
DA:69,1
DA:77,1
DA:78,3
DA:79,0
DA:80,3
DA:81,0
DA:82,0
DA:84,3
DA:85,3
DA:94,1
DA:95,0
DA:98,1
DA:99,1
DA:102,1
LF:37
LH:25
BRDA:35,0,0,0
BRDA:35,0,1,13
BRDA:55,1,0,0
BRDA:55,1,1,0
BRDA:78,2,0,0
BRDA:78,2,1,3
BRDA:80,3,0,0
BRDA:80,3,1,3
BRDA:95,4,0,0
BRDA:95,4,1,0
BRDA:95,5,0,0
BRDA:95,5,1,0
BRDA:29,6,0,1
BRDA:29,6,1,0
BRDA:29,7,0,1
BRDA:29,8,0,1
BRDA:29,8,1,1
BRDA:29,8,2,0
BRDA:29,9,0,1
BRDA:29,9,1,1
BRDA:30,10,0,1
BRDA:30,10,1,1
BRDA:30,10,2,0
BRDA:30,11,0,1
BRDA:30,11,1,1
BRF:25
BRH:13
end_of_record
TN:
SF:C:/Users/david/Documents/david's training/Project3/janus-webapp/client-side/src/app/portals/Bam/components/home/home.component.ts
FN:10,(anonymous_2)
FN:13,HomeComponent
FN:15,(anonymous_4)
FN:18,(anonymous_5)
FNF:4
FNH:1
FNDA:1,(anonymous_2)
FNDA:0,HomeComponent
FNDA:0,(anonymous_4)
FNDA:0,(anonymous_5)
DA:1,1
DA:2,1
DA:10,1
DA:13,0
DA:15,1
DA:18,0
DA:19,0
DA:23,1
LF:8
LH:5
BRDA:13,0,0,1
BRDA:13,0,1,0
BRDA:13,1,0,1
BRF:3
BRH:2
end_of_record
TN:
SF:C:/Users/david/Documents/david's training/Project3/janus-webapp/client-side/src/app/portals/Bam/models/bamuser.model.ts
FN:3,(anonymous_0)
FN:18,BamUser
FNF:2
FNH:2
FNDA:1,(anonymous_0)
FNDA:39,BamUser
DA:3,1
DA:31,39
DA:32,39
DA:33,39
DA:34,39
DA:35,39
DA:36,39
DA:37,39
DA:38,39
DA:39,39
DA:40,39
DA:41,39
DA:42,39
DA:43,39
DA:45,1
LF:15
LH:15
BRF:0
BRH:0
end_of_record
TN:
SF:C:/Users/david/Documents/david's training/Project3/janus-webapp/client-side/src/app/portals/Bam/models/batch.model.ts
FN:5,(anonymous_0)
FN:16,Batch
FNF:2
FNH:1
FNDA:1,(anonymous_0)
FNDA:0,Batch
DA:5,1
DA:17,0
DA:18,0
DA:19,0
DA:20,0
DA:21,0
DA:22,0
DA:23,0
DA:25,1
LF:9
LH:2
BRF:0
BRH:0
end_of_record
TN:
SF:C:/Users/david/Documents/david's training/Project3/janus-webapp/client-side/src/app/portals/Bam/models/boom.model.ts
FN:1,(anonymous_0)
FNF:1
FNH:1
FNDA:1,(anonymous_0)
DA:1,1
DA:8,1
LF:2
LH:2
BRF:0
BRH:0
end_of_record
TN:
SF:C:/Users/david/Documents/david's training/Project3/janus-webapp/client-side/src/app/portals/Bam/models/calendar-event.model.ts
FN:6,(anonymous_0)
FN:17,CalendarEvent
FNF:2
FNH:1
FNDA:1,(anonymous_0)
FNDA:0,CalendarEvent
DA:6,1
DA:18,1
LF:2
LH:2
BRF:0
BRH:0
end_of_record
TN:
SF:C:/Users/david/Documents/david's training/Project3/janus-webapp/client-side/src/app/portals/Bam/models/curriculum.model.ts
FN:3,(anonymous_0)
FNF:1
FNH:1
FNDA:1,(anonymous_0)
DA:3,1
DA:12,1
LF:2
LH:2
BRF:0
BRH:0
end_of_record
TN:
SF:C:/Users/david/Documents/david's training/Project3/janus-webapp/client-side/src/app/portals/Bam/models/curriculumSubtopic.model.ts
FN:5,(anonymous_0)
FN:12,CurriculumSubtopic
FNF:2
FNH:1
FNDA:1,(anonymous_0)
FNDA:0,CurriculumSubtopic
DA:5,1
DA:18,0
DA:19,0
DA:20,0
DA:21,0
DA:24,1
LF:6
LH:2
BRF:0
BRH:0
end_of_record
TN:
SF:C:/Users/david/Documents/david's training/Project3/janus-webapp/client-side/src/app/portals/Bam/models/daysDTO.model.ts
FN:3,(anonymous_0)
FN:6,DaysDTO
FNF:2
FNH:1
FNDA:1,(anonymous_0)
FNDA:0,DaysDTO
DA:3,1
DA:4,0
DA:8,0
DA:10,1
LF:4
LH:2
BRF:0
BRH:0
end_of_record
TN:
SF:C:/Users/david/Documents/david's training/Project3/janus-webapp/client-side/src/app/portals/Bam/models/list.model.ts
FN:1,(anonymous_0)
FN:5,ListModel
FNF:2
FNH:1
FNDA:1,(anonymous_0)
FNDA:0,ListModel
DA:1,1
DA:6,0
DA:7,0
DA:9,1
LF:4
LH:2
BRF:0
BRH:0
end_of_record
TN:
SF:C:/Users/david/Documents/david's training/Project3/janus-webapp/client-side/src/app/portals/Bam/models/metaDTO.model.ts
FN:3,(anonymous_0)
FN:6,MetaDTO
FNF:2
FNH:1
FNDA:1,(anonymous_0)
FNDA:0,MetaDTO
DA:3,1
DA:8,0
DA:10,1
LF:3
LH:2
BRF:0
BRH:0
end_of_record
TN:
SF:C:/Users/david/Documents/david's training/Project3/janus-webapp/client-side/src/app/portals/Bam/models/scheduleZ.model.ts
FN:4,(anonymous_0)
FNF:1
FNH:1
FNDA:1,(anonymous_0)
DA:4,1
DA:5,0
DA:7,1
LF:3
LH:2
BRF:0
BRH:0
end_of_record
TN:
SF:C:/Users/david/Documents/david's training/Project3/janus-webapp/client-side/src/app/portals/Bam/models/scheduleddate.model.ts
FN:1,(anonymous_0)
FN:8,ScheduledDate
FNF:2
FNH:1
FNDA:1,(anonymous_0)
FNDA:0,ScheduledDate
DA:1,1
DA:9,0
DA:10,0
DA:11,0
DA:12,0
DA:13,0
DA:15,1
LF:7
LH:2
BRF:0
BRH:0
end_of_record
TN:
SF:C:/Users/david/Documents/david's training/Project3/janus-webapp/client-side/src/app/portals/Bam/models/scheduledsubtopic.model.ts
FN:4,(anonymous_0)
FN:10,ScheduledSubtopic
FNF:2
FNH:1
FNDA:1,(anonymous_0)
FNDA:0,ScheduledSubtopic
DA:4,1
DA:11,0
DA:12,0
DA:13,0
DA:15,1
LF:5
LH:2
BRF:0
BRH:0
end_of_record
TN:
SF:C:/Users/david/Documents/david's training/Project3/janus-webapp/client-side/src/app/portals/Bam/models/subtopic.model.ts
FN:3,(anonymous_0)
FN:11,Subtopic
FNF:2
FNH:1
FNDA:1,(anonymous_0)
FNDA:0,Subtopic
DA:3,1
DA:12,0
DA:13,0
DA:14,0
DA:15,0
DA:16,0
DA:17,0
DA:19,1
LF:8
LH:2
BRF:0
BRH:0
end_of_record
TN:
SF:C:/Users/david/Documents/david's training/Project3/janus-webapp/client-side/src/app/portals/Bam/models/subtopicCurric.model.ts
FN:6,(anonymous_0)
FNF:1
FNH:1
FNDA:1,(anonymous_0)
DA:6,1
DA:11,0
DA:17,1
LF:3
LH:2
BRF:0
BRH:0
end_of_record
TN:
SF:C:/Users/david/Documents/david's training/Project3/janus-webapp/client-side/src/app/portals/Bam/models/subtopicname.model.ts
FN:4,(anonymous_0)
FN:9,SubtopicName
FNF:2
FNH:1
FNDA:1,(anonymous_0)
FNDA:0,SubtopicName
DA:4,1
DA:10,0
DA:11,0
DA:12,0
DA:13,0
DA:15,1
LF:6
LH:2
BRF:0
BRH:0
end_of_record
TN:
SF:C:/Users/david/Documents/david's training/Project3/janus-webapp/client-side/src/app/portals/Bam/models/subtopictype.model.ts
FN:1,(anonymous_0)
FN:4,SubtopicType
FNF:2
FNH:1
FNDA:1,(anonymous_0)
FNDA:0,SubtopicType
DA:1,1
DA:5,0
DA:6,0
DA:8,1
LF:4
LH:2
BRF:0
BRH:0
end_of_record
TN:
SF:C:/Users/david/Documents/david's training/Project3/janus-webapp/client-side/src/app/portals/Bam/models/topic.model.ts
FN:1,(anonymous_0)
FNF:1
FNH:1
FNDA:1,(anonymous_0)
DA:1,1
DA:4,1
LF:2
LH:2
BRF:0
BRH:0
end_of_record
TN:
SF:C:/Users/david/Documents/david's training/Project3/janus-webapp/client-side/src/app/portals/Bam/models/topicname.model.ts
FN:1,(anonymous_0)
FN:4,TopicName
FNF:2
FNH:1
FNDA:1,(anonymous_0)
FNDA:0,TopicName
DA:1,1
DA:5,0
DA:6,0
DA:8,1
LF:4
LH:2
BRF:0
BRH:0
end_of_record
TN:
SF:C:/Users/david/Documents/david's training/Project3/janus-webapp/client-side/src/app/portals/Bam/models/weeksDTO.model.ts
FN:3,(anonymous_0)
FN:6,WeeksDTO
FNF:2
FNH:1
FNDA:1,(anonymous_0)
FNDA:0,WeeksDTO
DA:3,1
DA:8,0
DA:10,1
LF:3
LH:2
BRF:0
BRH:0
end_of_record
TN:
SF:C:/Users/david/Documents/david's training/Project3/janus-webapp/client-side/src/app/portals/Bam/models/weeksExportDTO.ts
FN:3,(anonymous_0)
FN:7,WeeksExportDTO
FN:48,(anonymous_2)
FNF:3
FNH:1
FNDA:1,(anonymous_0)
FNDA:0,WeeksExportDTO
FNDA:0,(anonymous_2)
DA:3,1
DA:8,0
DA:9,0
DA:10,0
DA:11,0
DA:12,0
DA:14,0
DA:15,0
DA:16,0
DA:17,0
DA:18,0
DA:19,0
DA:21,0
DA:23,0
DA:25,0
DA:26,0
DA:28,0
DA:30,0
DA:31,0
DA:32,0
DA:33,0
DA:35,0
DA:36,0
DA:39,0
DA:43,0
DA:44,0
DA:48,1
DA:49,0
DA:50,0
DA:51,0
DA:52,0
DA:53,0
DA:55,1
LF:33
LH:3
BRDA:28,0,0,0
BRDA:28,0,1,0
BRDA:32,1,0,0
BRDA:32,1,1,0
BRDA:35,2,0,0
BRDA:35,2,1,0
BRF:6
BRH:0
end_of_record
TN:
SF:C:/Users/david/Documents/david's training/Project3/janus-webapp/client-side/src/app/portals/Bam/pipes/order.pipe.ts
FN:12,(anonymous_1)
FN:12,OrderPipe
FN:24,(anonymous_3)
FN:32,(anonymous_4)
FN:37,(anonymous_5)
FNF:5
FNH:1
FNDA:1,(anonymous_1)
FNDA:0,OrderPipe
FNDA:0,(anonymous_3)
FNDA:0,(anonymous_4)
FNDA:0,(anonymous_5)
DA:1,1
DA:12,1
DA:24,1
DA:25,0
DA:26,0
DA:28,0
DA:29,0
DA:31,0
DA:32,0
DA:33,0
DA:36,0
DA:37,0
DA:38,0
DA:42,1
LF:14
LH:4
BRDA:25,0,0,0
BRDA:25,0,1,0
BRDA:28,1,0,0
BRDA:28,1,1,0
BRDA:31,2,0,0
BRDA:31,2,1,0
BRDA:33,3,0,0
BRDA:33,3,1,0
BRDA:33,4,0,0
BRDA:33,4,1,0
BRDA:36,5,0,0
BRDA:36,5,1,0
BRDA:38,6,0,0
BRDA:38,6,1,0
BRDA:38,7,0,0
BRDA:38,7,1,0
BRF:16
BRH:0
end_of_record
TN:
SF:C:/Users/david/Documents/david's training/Project3/janus-webapp/client-side/src/app/portals/Bam/pipes/search.pipe.ts
FN:15,(anonymous_1)
FN:15,SearchPipe
FN:25,(anonymous_3)
FN:33,(anonymous_4)
FN:45,(anonymous_5)
FN:53,(anonymous_6)
FNF:6
FNH:1
FNDA:1,(anonymous_1)
FNDA:0,SearchPipe
FNDA:0,(anonymous_3)
FNDA:0,(anonymous_4)
FNDA:0,(anonymous_5)
FNDA:0,(anonymous_6)
DA:1,1
DA:15,1
DA:25,1
DA:26,0
DA:27,0
DA:29,0
DA:30,0
DA:32,0
DA:33,0
DA:34,0
DA:35,0
DA:36,0
DA:37,0
DA:43,0
DA:44,0
DA:45,0
DA:46,0
DA:47,0
DA:48,0
DA:53,0
DA:55,1
LF:21
LH:4
BRDA:26,0,0,0
BRDA:26,0,1,0
BRDA:29,1,0,0
BRDA:29,1,1,0
BRDA:29,2,0,0
BRDA:29,2,1,0
BRDA:32,3,0,0
BRDA:32,3,1,0
BRDA:35,4,0,0
BRDA:35,4,1,0
BRDA:36,5,0,0
BRDA:36,5,1,0
BRDA:43,6,0,0
BRDA:43,6,1,0
BRDA:47,7,0,0
BRDA:47,7,1,0
BRF:16
BRH:0
end_of_record
TN:
SF:C:/Users/david/Documents/david's training/Project3/janus-webapp/client-side/src/app/portals/Bam/services/add-subtopic.service.ts
FN:21,(anonymous_2)
FN:23,AddSubtopicService
FN:29,(anonymous_4)
FN:32,(anonymous_5)
FN:56,(anonymous_6)
FN:64,(anonymous_7)
FN:66,(anonymous_8)
FN:75,(anonymous_9)
FN:85,(anonymous_10)
FN:96,(anonymous_11)
FNF:10
FNH:1
FNDA:1,(anonymous_2)
FNDA:0,AddSubtopicService
FNDA:0,(anonymous_4)
FNDA:0,(anonymous_5)
FNDA:0,(anonymous_6)
FNDA:0,(anonymous_7)
FNDA:0,(anonymous_8)
FNDA:0,(anonymous_9)
FNDA:0,(anonymous_10)
FNDA:0,(anonymous_11)
DA:1,1
DA:2,1
DA:7,1
DA:12,1
DA:16,1
DA:21,1
DA:23,0
DA:29,1
DA:30,0
DA:33,0
DA:56,1
DA:57,0
DA:64,1
DA:65,0
DA:67,0
DA:75,1
DA:76,0
DA:85,1
DA:86,0
DA:96,1
DA:97,0
DA:99,1
LF:22
LH:13
BRDA:23,0,0,1
BRDA:23,0,1,0
BRDA:23,1,0,1
BRDA:23,2,0,1
BRDA:23,2,1,1
BRDA:23,2,2,0
BRDA:23,3,0,1
BRDA:23,3,1,1
BRF:8
BRH:6
end_of_record
TN:
SF:C:/Users/david/Documents/david's training/Project3/janus-webapp/client-side/src/app/portals/Bam/services/alert.service.ts
FN:5,(anonymous_2)
FN:10,AlertService
FN:12,(anonymous_4)
FNF:3
FNH:2
FNDA:1,(anonymous_2)
FNDA:13,AlertService
FNDA:0,(anonymous_4)
DA:1,1
DA:2,1
DA:5,1
DA:7,13
DA:8,13
DA:12,1
DA:13,0
DA:16,1
LF:8
LH:7
BRF:0
BRH:0
end_of_record
TN:
SF:C:/Users/david/Documents/david's training/Project3/janus-webapp/client-side/src/app/portals/Bam/services/assignforcesync.service.ts
FN:8,(anonymous_2)
FN:9,AssignforcesyncService
FN:17,(anonymous_4)
FN:19,(anonymous_5)
FNF:4
FNH:1
FNDA:1,(anonymous_2)
FNDA:0,AssignforcesyncService
FNDA:0,(anonymous_4)
FNDA:0,(anonymous_5)
DA:1,1
DA:2,1
DA:4,1
DA:8,1
DA:9,0
DA:17,1
DA:18,0
DA:20,0
DA:24,1
LF:9
LH:6
BRDA:9,0,0,1
BRDA:9,0,1,0
BRDA:9,1,0,1
BRDA:9,2,0,1
BRDA:9,2,1,1
BRDA:9,2,2,0
BRDA:9,3,0,1
BRDA:9,3,1,1
BRF:8
BRH:6
end_of_record
TN:
SF:C:/Users/david/Documents/david's training/Project3/janus-webapp/client-side/src/app/portals/Bam/services/batch.service.ts
FN:15,(anonymous_2)
FN:16,BatchService
FN:24,(anonymous_4)
FN:26,(anonymous_5)
FN:38,(anonymous_6)
FN:40,(anonymous_7)
FN:52,(anonymous_8)
FN:54,(anonymous_9)
FN:66,(anonymous_10)
FN:68,(anonymous_11)
FN:80,(anonymous_12)
FN:82,(anonymous_13)
FN:94,(anonymous_14)
FN:96,(anonymous_15)
FN:108,(anonymous_16)
FN:110,(anonymous_17)
FN:122,(anonymous_18)
FN:124,(anonymous_19)
FN:135,(anonymous_20)
FN:137,(anonymous_21)
FNF:20
FNH:4
FNDA:1,(anonymous_2)
FNDA:13,BatchService
FNDA:13,(anonymous_4)
FNDA:0,(anonymous_5)
FNDA:0,(anonymous_6)
FNDA:0,(anonymous_7)
FNDA:0,(anonymous_8)
FNDA:0,(anonymous_9)
FNDA:0,(anonymous_10)
FNDA:0,(anonymous_11)
FNDA:0,(anonymous_12)
FNDA:0,(anonymous_13)
FNDA:13,(anonymous_14)
FNDA:0,(anonymous_15)
FNDA:0,(anonymous_16)
FNDA:0,(anonymous_17)
FNDA:0,(anonymous_18)
FNDA:0,(anonymous_19)
FNDA:0,(anonymous_20)
FNDA:0,(anonymous_21)
DA:1,1
DA:2,1
DA:6,1
DA:8,1
DA:15,1
DA:16,13
DA:24,1
DA:25,13
DA:27,0
DA:38,1
DA:39,0
DA:41,0
DA:52,1
DA:53,0
DA:55,0
DA:66,1
DA:67,0
DA:69,0
DA:80,1
DA:81,0
DA:83,0
DA:94,1
DA:95,13
DA:97,0
DA:108,1
DA:109,0
DA:111,0
DA:122,1
DA:123,0
DA:125,0
DA:135,1
DA:136,0
DA:138,0
DA:143,1
LF:34
LH:18
BRDA:16,0,0,1
BRDA:16,0,1,0
BRDA:16,1,0,1
BRDA:16,2,0,1
BRDA:16,2,1,1
BRDA:16,2,2,0
BRDA:16,3,0,1
BRDA:16,3,1,1
BRF:8
BRH:6
end_of_record
TN:
SF:C:/Users/david/Documents/david's training/Project3/janus-webapp/client-side/src/app/portals/Bam/services/calendar-status.service.ts
FN:21,(anonymous_2)
FN:23,CalendarStatusService
FN:25,(anonymous_4)
FN:46,(anonymous_5)
FN:77,(anonymous_6)
FN:94,(anonymous_7)
FNF:6
FNH:1
FNDA:1,(anonymous_2)
FNDA:0,CalendarStatusService
FNDA:0,(anonymous_4)
FNDA:0,(anonymous_5)
FNDA:0,(anonymous_6)
FNDA:0,(anonymous_7)
DA:1,1
DA:6,1
DA:13,1
DA:21,1
DA:25,1
DA:26,0
DA:28,0
DA:30,0
DA:32,0
DA:34,0
DA:36,0
DA:46,1
DA:47,0
DA:48,0
DA:49,0
DA:51,0
DA:53,0
DA:54,0
DA:56,0
DA:57,0
DA:59,0
DA:60,0
DA:62,0
DA:63,0
DA:65,0
DA:68,0
DA:77,1
DA:78,0
DA:79,0
DA:80,0
DA:82,0
DA:83,0
DA:86,0
DA:94,1
DA:95,0
DA:97,1
LF:36
LH:9
BRDA:27,0,0,0
BRDA:27,0,1,0
BRDA:27,0,2,0
BRDA:27,0,3,0
BRDA:27,0,4,0
BRDA:52,1,0,0
BRDA:52,1,1,0
BRDA:52,1,2,0
BRDA:52,1,3,0
BRDA:52,1,4,0
BRDA:62,2,0,0
BRDA:62,2,1,0
BRDA:82,3,0,0
BRDA:82,3,1,0
BRDA:82,4,0,0
BRDA:82,4,1,0
BRDA:83,5,0,0
BRDA:83,5,1,0
BRF:18
BRH:0
end_of_record
TN:
SF:C:/Users/david/Documents/david's training/Project3/janus-webapp/client-side/src/app/portals/Bam/services/calendar.service.ts
FN:23,(anonymous_2)
FN:27,CalendarService
FN:53,(anonymous_4)
FN:55,(anonymous_5)
FN:67,(anonymous_6)
FN:69,(anonymous_7)
FN:82,(anonymous_8)
FN:84,(anonymous_9)
FN:96,(anonymous_10)
FN:98,(anonymous_11)
FN:112,(anonymous_12)
FN:124,(anonymous_13)
FN:126,(anonymous_14)
FN:138,(anonymous_15)
FN:140,(anonymous_16)
FN:151,(anonymous_17)
FN:161,(anonymous_18)
FNF:17
FNH:1
FNDA:1,(anonymous_2)
FNDA:0,CalendarService
FNDA:0,(anonymous_4)
FNDA:0,(anonymous_5)
FNDA:0,(anonymous_6)
FNDA:0,(anonymous_7)
FNDA:0,(anonymous_8)
FNDA:0,(anonymous_9)
FNDA:0,(anonymous_10)
FNDA:0,(anonymous_11)
FNDA:0,(anonymous_12)
FNDA:0,(anonymous_13)
FNDA:0,(anonymous_14)
FNDA:0,(anonymous_15)
FNDA:0,(anonymous_16)
FNDA:0,(anonymous_17)
FNDA:0,(anonymous_18)
DA:1,1
DA:4,1
DA:7,1
DA:9,1
DA:10,1
DA:17,1
DA:23,1
DA:25,1
DA:27,0
DA:53,1
DA:54,0
DA:56,0
DA:67,1
DA:68,0
DA:70,0
DA:82,1
DA:83,0
DA:85,0
DA:96,1
DA:97,0
DA:99,0
DA:112,1
DA:113,0
DA:124,1
DA:125,0
DA:127,0
DA:138,1
DA:139,0
DA:141,0
DA:151,1
DA:152,0
DA:153,0
DA:161,1
DA:162,0
DA:163,0
DA:164,0
DA:166,0
DA:167,0
DA:168,0
DA:170,0
DA:172,1
LF:41
LH:18
BRDA:27,0,0,1
BRDA:27,0,1,0
BRDA:27,1,0,1
BRDA:27,2,0,1
BRDA:27,2,1,1
BRDA:27,2,2,0
BRDA:27,3,0,1
BRDA:27,3,1,1
BRDA:27,4,0,1
BRDA:27,4,1,1
BRDA:27,4,2,0
BRDA:27,5,0,1
BRDA:27,5,1,1
BRF:13
BRH:10
end_of_record
TN:
SF:C:/Users/david/Documents/david's training/Project3/janus-webapp/client-side/src/app/portals/Bam/services/curriculum.service.ts
FN:22,(anonymous_2)
FN:36,CurriculumService
FN:38,(anonymous_4)
FN:42,(anonymous_5)
FN:46,(anonymous_6)
FN:55,(anonymous_7)
FN:57,(anonymous_8)
FN:69,(anonymous_9)
FN:71,(anonymous_10)
FN:83,(anonymous_11)
FN:85,(anonymous_12)
FN:95,(anonymous_13)
FN:97,(anonymous_14)
FN:109,(anonymous_15)
FN:111,(anonymous_16)
FN:122,(anonymous_17)
FN:124,(anonymous_18)
FN:135,(anonymous_19)
FN:137,(anonymous_20)
FN:148,(anonymous_21)
FN:150,(anonymous_22)
FN:161,(anonymous_23)
FN:171,(anonymous_24)
FN:173,(anonymous_25)
FN:179,(anonymous_26)
FN:181,(anonymous_27)
FNF:26
FNH:1
FNDA:1,(anonymous_2)
FNDA:0,CurriculumService
FNDA:0,(anonymous_4)
FNDA:0,(anonymous_5)
FNDA:0,(anonymous_6)
FNDA:0,(anonymous_7)
FNDA:0,(anonymous_8)
FNDA:0,(anonymous_9)
FNDA:0,(anonymous_10)
FNDA:0,(anonymous_11)
FNDA:0,(anonymous_12)
FNDA:0,(anonymous_13)
FNDA:0,(anonymous_14)
FNDA:0,(anonymous_15)
FNDA:0,(anonymous_16)
FNDA:0,(anonymous_17)
FNDA:0,(anonymous_18)
FNDA:0,(anonymous_19)
FNDA:0,(anonymous_20)
FNDA:0,(anonymous_21)
FNDA:0,(anonymous_22)
FNDA:0,(anonymous_23)
FNDA:0,(anonymous_24)
FNDA:0,(anonymous_25)
FNDA:0,(anonymous_26)
FNDA:0,(anonymous_27)
DA:1,1
DA:2,1
DA:9,1
DA:10,1
DA:11,1
DA:16,1
DA:22,1
DA:24,0
DA:25,0
DA:27,0
DA:28,0
DA:30,0
DA:31,0
DA:33,0
DA:34,0
DA:36,0
DA:38,1
DA:39,0
DA:42,1
DA:43,0
DA:46,1
DA:47,0
DA:55,1
DA:56,0
DA:58,0
DA:69,1
DA:70,0
DA:72,0
DA:83,1
DA:84,0
DA:86,0
DA:95,1
DA:96,0
DA:98,0
DA:99,0
DA:109,1
DA:110,0
DA:112,0
DA:122,1
DA:123,0
DA:125,0
DA:135,1
DA:136,0
DA:138,0
DA:148,1
DA:149,0
DA:151,0
DA:161,1
DA:162,0
DA:171,1
DA:172,0
DA:174,0
DA:179,1
DA:180,0
DA:182,0
DA:185,1
LF:56
LH:22
BRDA:36,0,0,1
BRDA:36,0,1,0
BRDA:36,1,0,1
BRDA:36,2,0,1
BRDA:36,2,1,1
BRDA:36,2,2,0
BRDA:36,3,0,1
BRDA:36,3,1,1
BRDA:36,4,0,1
BRDA:36,4,1,1
BRDA:36,4,2,0
BRDA:36,5,0,1
BRDA:36,5,1,1
BRF:13
BRH:10
end_of_record
TN:
SF:C:/Users/david/Documents/david's training/Project3/janus-webapp/client-side/src/app/portals/Bam/services/dragndrop.service.ts
FN:5,(anonymous_2)
FN:14,DragndropService
FN:21,(anonymous_4)
FNF:3
FNH:1
FNDA:1,(anonymous_2)
FNDA:0,DragndropService
FNDA:0,(anonymous_4)
DA:1,1
DA:2,1
DA:5,1
DA:11,0
DA:12,0
DA:21,1
DA:22,0
DA:25,1
LF:8
LH:5
BRF:0
BRH:0
end_of_record
TN:
SF:C:/Users/david/Documents/david's training/Project3/janus-webapp/client-side/src/app/portals/Bam/services/search-text.service.ts
FN:16,(anonymous_2)
FN:20,SearchTextService
FN:27,(anonymous_4)
FN:37,(anonymous_5)
FN:44,(anonymous_6)
FNF:5
FNH:1
FNDA:1,(anonymous_2)
FNDA:0,SearchTextService
FNDA:0,(anonymous_4)
FNDA:0,(anonymous_5)
FNDA:0,(anonymous_6)
DA:1,1
DA:2,1
DA:16,1
DA:18,0
DA:27,1
DA:28,0
DA:37,1
DA:38,0
DA:44,1
DA:45,0
DA:48,1
LF:11
LH:7
BRF:0
BRH:0
end_of_record
TN:
SF:C:/Users/david/Documents/david's training/Project3/janus-webapp/client-side/src/app/portals/Bam/services/session.service.ts
FN:11,(anonymous_2)
FN:17,SessionService
FN:32,(anonymous_4)
FN:33,(anonymous_5)
FN:44,(anonymous_6)
FN:55,(anonymous_7)
FN:65,(anonymous_8)
FNF:7
FNH:4
FNDA:1,(anonymous_2)
FNDA:13,SessionService
FNDA:0,(anonymous_4)
FNDA:0,(anonymous_5)
FNDA:13,(anonymous_6)
FNDA:0,(anonymous_7)
FNDA:13,(anonymous_8)
DA:1,1
DA:2,1
DA:3,1
DA:4,1
DA:7,1
DA:11,1
DA:15,13
DA:17,13
DA:19,13
DA:21,13
DA:24,13
DA:32,1
DA:33,0
DA:34,0
DA:35,0
DA:44,1
DA:45,13
DA:46,13
DA:55,1
DA:56,0
DA:57,0
DA:65,1
DA:66,13
DA:69,1
LF:24
LH:19
BRDA:17,0,0,1
BRDA:17,0,1,0
BRDA:17,1,0,1
BRDA:17,2,0,1
BRDA:17,2,1,1
BRDA:17,2,2,0
BRDA:17,3,0,1
BRDA:17,3,1,1
BRF:8
BRH:6
end_of_record
TN:
SF:C:/Users/david/Documents/david's training/Project3/janus-webapp/client-side/src/app/portals/Bam/services/subtopic.service.ts
FN:17,(anonymous_2)
FN:18,SubtopicService
FN:25,(anonymous_4)
FN:27,(anonymous_5)
FN:33,(anonymous_6)
FN:35,(anonymous_7)
FN:41,(anonymous_8)
FN:43,(anonymous_9)
FN:56,(anonymous_10)
FN:58,(anonymous_11)
FN:70,(anonymous_12)
FN:72,(anonymous_13)
FN:83,(anonymous_14)
FN:87,(anonymous_15)
FN:88,(anonymous_16)
FN:99,(anonymous_17)
FNF:16
FNH:1
FNDA:1,(anonymous_2)
FNDA:0,SubtopicService
FNDA:0,(anonymous_4)
FNDA:0,(anonymous_5)
FNDA:0,(anonymous_6)
FNDA:0,(anonymous_7)
FNDA:0,(anonymous_8)
FNDA:0,(anonymous_9)
FNDA:0,(anonymous_10)
FNDA:0,(anonymous_11)
FNDA:0,(anonymous_12)
FNDA:0,(anonymous_13)
FNDA:0,(anonymous_14)
FNDA:0,(anonymous_15)
FNDA:0,(anonymous_16)
FNDA:0,(anonymous_17)
DA:1,1
DA:2,1
DA:3,1
DA:5,1
DA:11,1
DA:17,1
DA:18,0
DA:25,1
DA:26,0
DA:28,0
DA:33,1
DA:34,0
DA:36,0
DA:41,1
DA:42,0
DA:44,0
DA:56,1
DA:57,0
DA:59,0
DA:70,1
DA:71,0
DA:73,0
DA:83,1
DA:84,0
DA:87,1
DA:88,0
DA:89,0
DA:99,1
DA:100,0
DA:102,1
LF:30
LH:15
BRDA:18,0,0,1
BRDA:18,0,1,0
BRDA:18,1,0,1
BRDA:18,2,0,1
BRDA:18,2,1,1
BRDA:18,2,2,0
BRDA:18,3,0,1
BRDA:18,3,1,1
BRF:8
BRH:6
end_of_record
TN:
SF:C:/Users/david/Documents/david's training/Project3/janus-webapp/client-side/src/app/portals/Bam/services/topic.service.ts
FN:13,(anonymous_2)
FN:14,TopicService
FN:21,(anonymous_4)
FN:23,(anonymous_5)
FNF:4
FNH:1
FNDA:1,(anonymous_2)
FNDA:0,TopicService
FNDA:0,(anonymous_4)
FNDA:0,(anonymous_5)
DA:1,1
DA:2,1
DA:3,1
DA:5,1
DA:7,1
DA:13,1
DA:14,0
DA:21,1
DA:22,0
DA:24,0
DA:28,1
LF:11
LH:8
BRDA:14,0,0,1
BRDA:14,0,1,0
BRDA:14,1,0,1
BRDA:14,2,0,1
BRDA:14,2,1,1
BRDA:14,2,2,0
BRDA:14,3,0,1
BRDA:14,3,1,1
BRF:8
BRH:6
end_of_record
TN:
SF:C:/Users/david/Documents/david's training/Project3/janus-webapp/client-side/src/app/portals/Bam/services/users.service.ts
FN:13,(anonymous_2)
FN:15,UsersService
FN:17,(anonymous_4)
FN:19,(anonymous_5)
FN:30,(anonymous_6)
FN:32,(anonymous_7)
FN:43,(anonymous_8)
FN:45,(anonymous_9)
FN:56,(anonymous_10)
FN:58,(anonymous_11)
FN:70,(anonymous_12)
FN:72,(anonymous_13)
FN:83,(anonymous_14)
FN:85,(anonymous_15)
FN:96,(anonymous_16)
FN:98,(anonymous_17)
FN:109,(anonymous_18)
FN:111,(anonymous_19)
FN:123,(anonymous_20)
FN:125,(anonymous_21)
FN:136,(anonymous_22)
FN:138,(anonymous_23)
FN:151,(anonymous_24)
FN:153,(anonymous_25)
FN:166,(anonymous_26)
[...]
FNDA:0,(anonymous_15)
DA:1,1
DA:3,1
DA:7,1
DA:8,1
DA:20,1
DA:23,0
DA:27,0
DA:28,0
DA:29,0
DA:30,0
DA:32,0
DA:55,0
DA:61,0
DA:65,0
DA:68,1
DA:69,0
DA:70,0
DA:74,1
DA:75,0
DA:76,0
DA:79,0
DA:81,0
DA:83,0
DA:85,0
DA:88,0
DA:89,0
DA:94,0
DA:98,0
DA:102,1
DA:103,0
DA:107,0
DA:108,0
DA:109,0
DA:110,0
DA:120,0
DA:122,0
DA:127,1
DA:128,0
DA:129,0
DA:130,0
DA:133,0
DA:134,0
DA:144,0
DA:146,0
DA:149,1
LF:45
LH:10
BRDA:89,0,0,0
BRDA:89,0,1,0
BRDA:89,1,0,0
BRDA:89,1,1,0
BRDA:89,1,2,0
BRDA:89,1,3,0
BRDA:89,1,4,0
BRDA:89,1,5,0
BRDA:89,1,6,0
BRDA:89,1,7,0
BRDA:65,2,0,1
BRDA:65,2,1,0
BRDA:65,3,0,1
BRF:13
BRH:2
end_of_record
TN:
SF:C:/Users/david/Documents/david's training/Project3/janus-webapp/client-side/src/app/portals/Track-Force/components/client-mapped/client-mapped.component.ts
FN:15,(anonymous_2)
FN:76,ClientMappedComponent
FN:94,(anonymous_4)
FN:117,(anonymous_5)
FN:159,(anonymous_6)
FN:187,(anonymous_7)
FN:192,(anonymous_8)
FNF:7
FNH:1
FNDA:1,(anonymous_2)
FNDA:0,ClientMappedComponent
FNDA:0,(anonymous_4)
FNDA:0,(anonymous_5)
FNDA:0,(anonymous_6)
FNDA:0,(anonymous_7)
FNDA:0,(anonymous_8)
DA:1,1
DA:2,1
DA:3,1
DA:4,1
DA:6,1
DA:15,1
DA:69,0
DA:76,0
DA:77,0
DA:94,1
DA:98,0
DA:99,0
DA:101,0
DA:102,0
DA:103,0
DA:104,0
DA:105,0
DA:106,0
DA:107,0
DA:108,0
DA:111,0
DA:114,0
DA:117,0
DA:126,0
DA:127,0
DA:128,0
DA:131,0
DA:132,0
DA:133,0
DA:134,0
DA:135,0
DA:137,0
DA:138,0
DA:140,0
DA:142,0
DA:148,0
DA:149,0
DA:159,1
DA:160,0
DA:163,0
DA:164,0
DA:169,0
DA:170,0
DA:172,0
DA:174,0
DA:180,0
DA:181,0
DA:187,1
DA:188,0
DA:189,0
DA:192,1
DA:193,0
DA:195,1
LF:53
LH:11
BRDA:101,0,0,0
BRDA:101,0,1,0
BRDA:103,1,0,0
BRDA:103,1,1,0
BRDA:105,2,0,0
BRDA:105,2,1,0
BRDA:107,3,0,0
BRDA:107,3,1,0
BRDA:132,4,0,0
BRDA:132,4,1,0
BRDA:135,5,0,0
BRDA:135,5,1,0
BRDA:137,6,0,0
BRDA:137,6,1,0
BRDA:163,7,0,0
BRDA:163,7,1,0
BRDA:169,8,0,0
BRDA:169,8,1,0
BRDA:172,9,0,0
BRDA:172,9,1,0
BRDA:172,10,0,0
BRDA:172,10,1,0
BRDA:180,11,0,0
BRDA:180,11,1,0
BRDA:76,12,0,1
BRDA:76,12,1,0
BRDA:76,13,0,1
BRDA:76,14,0,1
BRDA:76,14,1,1
BRDA:76,14,2,0
BRDA:76,15,0,1
BRDA:76,15,1,1
BRF:32
BRH:6
end_of_record
TN:
SF:C:/Users/david/Documents/david's training/Project3/janus-webapp/client-side/src/app/portals/Track-Force/components/home/home.component.ts
FN:21,(anonymous_2)
FN:61,HomeComponent
FN:63,(anonymous_4)
FN:67,(anonymous_5)
FN:69,(anonymous_6)
FN:149,(anonymous_7)
FN:164,(anonymous_8)
FN:176,(anonymous_9)
FN:178,(anonymous_10)
FN:182,(anonymous_11)
FN:192,(anonymous_12)
FN:194,(anonymous_13)
FN:198,(anonymous_14)
FN:209,(anonymous_15)
FN:211,(anonymous_16)
FN:215,(anonymous_17)
FN:230,(anonymous_18)
FN:231,(anonymous_19)
FN:245,(anonymous_20)
FN:246,(anonymous_21)
FN:250,(anonymous_22)
FN:262,(anonymous_23)
FN:263,(anonymous_24)
FN:275,(anonymous_25)
FN:285,(anonymous_26)
FN:289,(anonymous_27)
FN:293,(anonymous_28)
FN:297,(anonymous_29)
FN:301,(anonymous_30)
FN:305,(anonymous_31)
FNF:30
FNH:1
FNDA:1,(anonymous_2)
FNDA:0,HomeComponent
FNDA:0,(anonymous_4)
FNDA:0,(anonymous_5)
FNDA:0,(anonymous_6)
FNDA:0,(anonymous_7)
FNDA:0,(anonymous_8)
FNDA:0,(anonymous_9)
FNDA:0,(anonymous_10)
FNDA:0,(anonymous_11)
FNDA:0,(anonymous_12)
FNDA:0,(anonymous_13)
FNDA:0,(anonymous_14)
FNDA:0,(anonymous_15)
FNDA:0,(anonymous_16)
FNDA:0,(anonymous_17)
FNDA:0,(anonymous_18)
FNDA:0,(anonymous_19)
FNDA:0,(anonymous_20)
FNDA:0,(anonymous_21)
FNDA:0,(anonymous_22)
FNDA:0,(anonymous_23)
FNDA:0,(anonymous_24)
FNDA:0,(anonymous_25)
FNDA:0,(anonymous_26)
FNDA:0,(anonymous_27)
FNDA:0,(anonymous_28)
FNDA:0,(anonymous_29)
FNDA:0,(anonymous_30)
FNDA:0,(anonymous_31)
DA:1,1
DA:2,1
DA:3,1
DA:6,1
DA:7,1
DA:8,1
DA:9,1
DA:10,1
DA:11,1
DA:13,1
DA:21,1
DA:30,0
DA:31,0
DA:34,0
DA:35,0
DA:36,0
DA:37,0
DA:39,0
DA:40,0
DA:41,0
DA:43,0
DA:44,0
DA:45,0
DA:46,0
DA:48,0
DA:50,0
DA:51,0
DA:52,0
DA:53,0
DA:56,0
DA:57,0
DA:58,0
DA:59,0
DA:61,0
DA:63,1
DA:64,0
DA:67,1
DA:68,0
DA:69,0
DA:70,0
DA:79,0
DA:87,0
DA:99,0
DA:103,0
DA:115,0
DA:119,0
DA:129,0
DA:131,0
DA:132,0
DA:133,0
DA:134,0
DA:135,0
DA:136,0
DA:149,1
DA:150,0
DA:151,0
DA:152,0
DA:164,1
DA:165,0
DA:166,0
DA:167,0
DA:176,1
DA:177,0
DA:178,0
DA:179,0
DA:180,0
DA:183,0
DA:192,1
DA:193,0
DA:194,0
DA:195,0
DA:196,0
DA:199,0
DA:209,1
DA:210,0
DA:211,0
DA:212,0
DA:213,0
DA:216,0
DA:230,1
DA:231,0
DA:232,0
DA:233,0
DA:245,1
DA:246,0
DA:251,0
DA:262,1
DA:263,0
DA:266,0
DA:267,0
DA:268,0
DA:269,0
DA:270,0
DA:271,0
DA:274,0
DA:278,0
DA:285,1
DA:286,0
DA:289,1
DA:290,0
DA:293,1
DA:294,0
DA:297,1
DA:298,0
DA:301,1
DA:302,0
DA:305,1
DA:306,0
DA:308,1
LF:109
LH:28
BRDA:150,0,0,0
BRDA:150,0,1,0
BRDA:165,1,0,0
BRDA:165,1,1,0
BRDA:61,2,0,1
BRDA:61,2,1,0
BRDA:61,3,0,1
BRDA:61,4,0,1
BRDA:61,4,1,1
BRDA:61,4,2,0
BRDA:61,5,0,1
BRDA:61,5,1,1
BRDA:61,6,0,1
BRDA:61,6,1,1
BRDA:61,6,2,0
BRDA:61,7,0,1
BRDA:61,7,1,1
BRF:17
BRH:10
end_of_record
TN:
SF:C:/Users/david/Documents/david's training/Project3/janus-webapp/client-side/src/app/portals/Track-Force/components/login/login.component.ts
FN:16,(anonymous_2)
FN:31,LoginComponent
FN:40,(anonymous_4)
FN:59,(anonymous_5)
FN:61,(anonymous_6)
FN:70,(anonymous_7)
FNF:6
FNH:1
FNDA:1,(anonymous_2)
FNDA:0,LoginComponent
FNDA:0,(anonymous_4)
FNDA:0,(anonymous_5)
FNDA:0,(anonymous_6)
FNDA:0,(anonymous_7)
DA:5,1
DA:6,1
DA:7,1
DA:8,1
DA:16,1
DA:31,0
DA:40,1
DA:41,0
DA:42,0
DA:43,0
DA:44,0
DA:46,0
DA:59,1
DA:60,0
DA:62,0
DA:64,0
DA:65,0
DA:67,0
DA:71,0
DA:76,1
LF:20
LH:8
BRDA:42,0,0,0
BRDA:42,0,1,0
BRDA:43,1,0,0
BRDA:43,1,1,0
BRDA:64,2,0,0
BRDA:64,2,1,0
BRDA:31,3,0,1
BRDA:31,3,1,0
BRDA:31,4,0,1
BRDA:31,5,0,1
BRDA:31,5,1,1
BRDA:31,5,2,0
BRDA:31,6,0,1
BRDA:31,6,1,1
BRF:14
BRH:6
end_of_record
TN:
SF:C:/Users/david/Documents/david's training/Project3/janus-webapp/client-side/src/app/portals/Track-Force/components/navbar/navbar.component.ts
FN:11,(anonymous_2)
FN:17,NavbarComponent
FN:19,(anonymous_4)
FNF:3
FNH:1
FNDA:1,(anonymous_2)
FNDA:0,NavbarComponent
FNDA:0,(anonymous_4)
DA:1,1
DA:2,1
DA:3,1
DA:11,1
DA:17,0
DA:19,1
DA:42,1
LF:7
LH:6
BRDA:17,0,0,1
BRDA:17,0,1,0
BRDA:17,1,0,1
BRDA:17,2,0,1
BRDA:17,2,1,1
BRDA:17,2,2,0
BRDA:17,3,0,1
BRDA:17,3,1,1
BRF:8
BRH:6
end_of_record
TN:
SF:C:/Users/david/Documents/david's training/Project3/janus-webapp/client-side/src/app/portals/Track-Force/components/root/root.component.ts
FN:8,(anonymous_2)
FN:11,RootComponent
FN:13,(anonymous_4)
FNF:3
FNH:1
FNDA:1,(anonymous_2)
FNDA:0,RootComponent
FNDA:0,(anonymous_4)
DA:1,1
DA:8,1
DA:9,0
DA:13,1
DA:15,1
LF:5
LH:4
BRF:0
BRH:0
end_of_record
TN:
SF:C:/Users/david/Documents/david's training/Project3/janus-webapp/client-side/src/app/portals/Track-Force/constants/selected-status.constants.ts
FN:1,(anonymous_0)
FNF:1
FNH:1
FNDA:1,(anonymous_0)
DA:1,1
DA:2,1
DA:3,1
DA:4,1
DA:5,1
DA:6,1
DA:7,1
DA:8,1
DA:9,1
DA:10,1
DA:12,1
DA:13,1
DA:14,1
DA:15,1
DA:16,1
DA:17,1
DA:18,1
DA:19,1
DA:21,1
DA:27,1
DA:33,1
DA:36,1
DA:40,1
DA:46,1
LF:24
LH:24
BRF:0
BRH:0
end_of_record
TN:
SF:C:/Users/david/Documents/david's training/Project3/janus-webapp/client-side/src/app/portals/Track-Force/constants/theme.constants.ts
FN:6,(anonymous_0)
FNF:1
FNH:1
FNDA:1,(anonymous_0)
DA:6,1
DA:7,1
DA:8,1
DA:10,1
DA:12,1
DA:14,1
DA:15,1
DA:20,1
LF:8
LH:8
BRF:0
BRH:0
end_of_record
TN:
SF:C:/Users/david/Documents/david's training/Project3/janus-webapp/client-side/src/app/portals/Track-Force/decorators/auto-unsubscribe.decorator.ts
FN:10,AutoUnsubscribe
FN:16,(anonymous_1)
FNF:2
FNH:1
FNDA:2,AutoUnsubscribe
FNDA:0,(anonymous_1)
DA:10,1
DA:13,2
DA:16,2
DA:18,0
DA:19,0
DA:21,0
DA:23,0
LF:7
LH:3
BRDA:21,0,0,0
BRDA:21,0,1,0
BRDA:21,1,0,0
BRDA:21,1,1,0
BRF:4
BRH:0
end_of_record
TN:
SF:C:/Users/david/Documents/david's training/Project3/janus-webapp/client-side/src/app/portals/Track-Force/models/clientMapped.model.ts
FN:1,(anonymous_0)
FNF:1
FNH:1
FNDA:1,(anonymous_0)
DA:1,1
DA:4,1
LF:2
LH:2
BRF:0
BRH:0
end_of_record
TN:
SF:C:/Users/david/Documents/david's training/Project3/janus-webapp/client-side/src/app/portals/Track-Force/models/ng2-charts-options.model.ts
FN:9,(anonymous_0)
FN:15,SideValues
FN:27,(anonymous_2)
FN:34,ChartOptions
FN:48,(anonymous_4)
FN:69,(anonymous_5)
FN:82,(anonymous_6)
FNF:7
FNH:2
FNDA:1,(anonymous_0)
FNDA:0,SideValues
FNDA:1,(anonymous_2)
FNDA:0,ChartOptions
FNDA:0,(anonymous_4)
FNDA:0,(anonymous_5)
FNDA:0,(anonymous_6)
DA:9,1
DA:16,0
DA:17,0
DA:18,0
DA:19,0
DA:21,1
DA:27,1
DA:48,1
DA:52,0
DA:53,0
DA:54,0
DA:55,0
DA:56,0
DA:57,0
DA:69,1
DA:70,0
DA:71,0
DA:72,0
DA:73,0
DA:82,1
DA:83,0
DA:84,0
DA:85,0
DA:87,1
LF:24
LH:7
BRF:0
BRH:0
end_of_record
TN:
SF:C:/Users/david/Documents/david's training/Project3/janus-webapp/client-side/src/app/portals/Track-Force/models/user.model.ts
FN:6,(anonymous_0)
FNF:1
FNH:1
FNDA:1,(anonymous_0)
DA:6,1
DA:12,1
LF:2
LH:2
BRF:0
BRH:0
end_of_record
TN:
SF:C:/Users/david/Documents/david's training/Project3/janus-webapp/client-side/src/app/portals/Track-Force/pipes/search-filter/search-filter.pipe.ts
FN:9,(anonymous_1)
FN:9,SearchFilterPipe
FN:11,(anonymous_3)
FN:20,(anonymous_4)
FNF:4
FNH:1
FNDA:1,(anonymous_1)
FNDA:0,SearchFilterPipe
FNDA:0,(anonymous_3)
FNDA:0,(anonymous_4)
DA:1,1
DA:9,1
DA:11,1
DA:12,0
DA:13,0
DA:15,0
DA:16,0
DA:19,0
DA:20,0
DA:21,0
DA:25,1
LF:11
LH:4
BRDA:12,0,0,0
BRDA:12,0,1,0
BRDA:15,1,0,0
BRDA:15,1,1,0
BRF:4
BRH:0
end_of_record
TN:
SF:C:/Users/david/Documents/david's training/Project3/janus-webapp/client-side/src/app/portals/Track-Force/services/authentication-service/authentication.service.ts
FN:15,(anonymous_2)
FN:24,AuthenticationService
FN:39,(anonymous_4)
FN:41,(anonymous_5)
FN:55,(anonymous_6)
FN:63,(anonymous_7)
FNF:6
FNH:2
FNDA:1,(anonymous_2)
FNDA:1,AuthenticationService
FNDA:0,(anonymous_4)
FNDA:0,(anonymous_5)
FNDA:0,(anonymous_6)
FNDA:0,(anonymous_7)
DA:5,1
DA:7,1
DA:8,1
DA:10,1
DA:12,1
DA:15,1
DA:24,1
DA:39,1
DA:40,0
DA:42,0
DA:43,0
DA:45,0
DA:55,1
DA:56,0
DA:57,0
DA:63,1
DA:64,0
DA:65,0
DA:68,1
LF:19
LH:11
BRDA:42,0,0,0
BRDA:42,0,1,0
BRDA:24,1,0,1
BRDA:24,1,1,0
BRDA:24,2,0,1
BRDA:24,3,0,1
BRDA:24,3,1,1
BRDA:24,3,2,0
BRDA:24,4,0,1
BRDA:24,4,1,1
BRF:10
BRH:6
end_of_record
TN:
SF:C:/Users/david/Documents/david's training/Project3/janus-webapp/client-side/src/app/portals/Track-Force/services/batch-service/batch.service.ts
FN:11,(anonymous_2)
FN:13,BatchService
FN:24,(anonymous_4)
FN:34,(anonymous_5)
FN:51,(anonymous_6)
FNF:5
FNH:1
FNDA:1,(anonymous_2)
FNDA:0,BatchService
FNDA:0,(anonymous_4)
FNDA:0,(anonymous_5)
FNDA:0,(anonymous_6)
DA:3,1
DA:4,1
DA:8,1
DA:11,1
DA:13,0
DA:24,1
DA:25,0
DA:26,0
DA:34,1
DA:35,0
DA:37,0
DA:38,0
DA:39,0
DA:40,0
DA:41,0
DA:43,0
DA:51,1
DA:52,0
DA:53,0
DA:56,1
LF:20
LH:8
BRDA:13,0,0,1
BRDA:13,0,1,0
BRDA:13,1,0,1
BRF:3
BRH:2
end_of_record
TN:
SF:C:/Users/david/Documents/david's training/Project3/janus-webapp/client-side/src/app/portals/Track-Force/services/client-list-service/client-list.service.ts
FN:12,(anonymous_2)
FN:15,ClientListService
FN:18,(anonymous_4)
FN:23,(anonymous_5)
FN:28,(anonymous_6)
FNF:5
FNH:1
FNDA:1,(anonymous_2)
FNDA:0,ClientListService
FNDA:0,(anonymous_4)
FNDA:0,(anonymous_5)
FNDA:0,(anonymous_6)
DA:1,1
DA:2,1
DA:4,1
DA:12,1
DA:13,0
DA:15,0
DA:18,1
DA:19,0
DA:23,1
DA:24,0
DA:28,1
DA:29,0
DA:32,1
LF:13
LH:8
BRDA:15,0,0,1
BRDA:15,0,1,0
BRDA:15,1,0,1
BRF:3
BRH:2
end_of_record
TN:
SF:C:/Users/david/Documents/david's training/Project3/janus-webapp/client-side/src/app/portals/Track-Force/services/client-mapped-service/client-mapped-service.ts
FN:8,(anonymous_2)
FN:9,ClientMappedService
FN:17,(anonymous_4)
FNF:3
FNH:2
FNDA:1,(anonymous_2)
FNDA:1,ClientMappedService
FNDA:0,(anonymous_4)
DA:1,1
DA:2,1
DA:3,1
DA:8,1
DA:9,1
DA:17,1
DA:18,0
DA:19,0
DA:22,0
DA:24,1
LF:10
LH:7
BRDA:9,0,0,1
BRDA:9,0,1,0
BRDA:9,1,0,1
BRF:3
BRH:2
end_of_record
TN:
SF:C:/Users/david/Documents/david's training/Project3/janus-webapp/client-side/src/app/portals/Track-Force/services/datasync-service/data-sync.service.ts
FN:43,(anonymous_2)
FN:57,DataSyncService
FN:63,(anonymous_4)
FN:73,(anonymous_5)
FN:98,(anonymous_6)
FN:103,(anonymous_7)
FN:104,(anonymous_8)
FN:109,(anonymous_9)
FN:114,(anonymous_10)
FN:115,(anonymous_11)
FN:120,(anonymous_12)
FN:125,(anonymous_13)
FN:126,(anonymous_14)
FN:131,(anonymous_15)
FN:136,(anonymous_16)
FN:137,(anonymous_17)
FN:142,(anonymous_18)
FN:147,(anonymous_19)
FN:148,(anonymous_20)
FN:153,(anonymous_21)
FN:155,(anonymous_22)
FN:159,(anonymous_23)
FN:160,(anonymous_24)
FNF:23
FNH:1
FNDA:1,(anonymous_2)
FNDA:0,DataSyncService
FNDA:0,(anonymous_4)
FNDA:0,(anonymous_5)
FNDA:0,(anonymous_6)
FNDA:0,(anonymous_7)
FNDA:0,(anonymous_8)
FNDA:0,(anonymous_9)
FNDA:0,(anonymous_10)
FNDA:0,(anonymous_11)
FNDA:0,(anonymous_12)
FNDA:0,(anonymous_13)
FNDA:0,(anonymous_14)
FNDA:0,(anonymous_15)
FNDA:0,(anonymous_16)
FNDA:0,(anonymous_17)
FNDA:0,(anonymous_18)
FNDA:0,(anonymous_19)
FNDA:0,(anonymous_20)
FNDA:0,(anonymous_21)
FNDA:0,(anonymous_22)
FNDA:0,(anonymous_23)
FNDA:0,(anonymous_24)
DA:1,1
DA:7,1
DA:10,1
DA:30,1
DA:31,1
DA:32,1
DA:33,1
DA:34,1
DA:36,1
DA:37,1
DA:38,1
DA:39,1
DA:40,1
DA:43,1
DA:46,0
DA:57,0
DA:60,0
DA:63,1
DA:73,1
DA:82,0
DA:83,0
DA:84,0
DA:85,0
DA:86,0
DA:87,0
DA:98,1
DA:99,0
DA:103,1
DA:104,0
DA:109,1
DA:110,0
DA:114,1
DA:115,0
DA:120,1
DA:121,0
DA:125,1
DA:126,0
DA:131,1
DA:132,0
DA:136,1
DA:137,0
DA:142,1
DA:143,0
DA:147,1
DA:148,0
DA:153,1
DA:154,0
DA:155,0
DA:159,1
DA:160,0
DA:161,0
DA:165,1
LF:52
LH:29
BRDA:57,0,0,1
BRDA:57,0,1,0
BRDA:57,1,0,1
BRF:3
BRH:2
end_of_record
TN:
SF:C:/Users/david/Documents/david's training/Project3/janus-webapp/client-side/src/app/portals/Track-Force/services/request-service/request.service.ts
FN:8,(anonymous_2)
FN:14,RequestService
FN:16,(anonymous_4)
FN:20,(anonymous_5)
FN:24,(anonymous_6)
FN:28,(anonymous_7)
FN:32,(anonymous_8)
FN:36,(anonymous_9)
FN:40,(anonymous_10)
FN:44,(anonymous_11)
FN:48,(anonymous_12)
FN:52,(anonymous_13)
FN:56,(anonymous_14)
FN:60,(anonymous_15)
FN:64,(anonymous_16)
FN:68,(anonymous_17)
FN:72,(anonymous_18)
FN:76,(anonymous_19)
FN:81,(anonymous_20)
FNF:19
FNH:1
FNDA:1,(anonymous_2)
FNDA:0,RequestService
FNDA:0,(anonymous_4)
FNDA:0,(anonymous_5)
FNDA:0,(anonymous_6)
FNDA:0,(anonymous_7)
FNDA:0,(anonymous_8)
FNDA:0,(anonymous_9)
FNDA:0,(anonymous_10)
FNDA:0,(anonymous_11)
FNDA:0,(anonymous_12)
FNDA:0,(anonymous_13)
FNDA:0,(anonymous_14)
FNDA:0,(anonymous_15)
FNDA:0,(anonymous_16)
FNDA:0,(anonymous_17)
FNDA:0,(anonymous_18)
FNDA:0,(anonymous_19)
FNDA:0,(anonymous_20)
DA:1,1
DA:2,1
DA:5,1
DA:8,1
DA:10,0
DA:11,0
DA:12,0
DA:14,0
DA:16,1
DA:17,0
DA:20,1
DA:21,0
DA:24,1
DA:25,0
DA:28,1
DA:29,0
DA:32,1
DA:33,0
DA:36,1
DA:37,0
DA:40,1
DA:41,0
DA:44,1
DA:45,0
DA:48,1
DA:49,0
DA:52,1
DA:53,0
DA:56,1
DA:57,0
DA:60,1
DA:61,0
DA:64,1
DA:65,0
DA:68,1
DA:69,0
DA:72,1
DA:73,0
DA:76,1
DA:77,0
DA:81,1
DA:82,0
DA:85,1
LF:43
LH:22
BRDA:14,0,0,1
BRDA:14,0,1,0
BRDA:14,1,0,1
BRF:3
BRH:2
end_of_record
TN:
SF:C:/Users/david/Documents/david's training/Project3/janus-webapp/client-side/src/app/portals/Track-Force/services/skill-set-service/skill-set.service.ts
FN:8,(anonymous_2)
FN:12,SkillsetService
FN:14,(anonymous_4)
FNF:3
FNH:1
FNDA:1,(anonymous_2)
FNDA:0,SkillsetService
FNDA:0,(anonymous_4)
DA:1,1
DA:2,1
DA:5,1
DA:8,1
DA:9,0
DA:10,0
DA:12,0
DA:14,1
DA:15,0
DA:20,1
LF:10
LH:6
BRDA:15,0,0,0
BRDA:15,0,1,0
BRDA:12,1,0,1
BRDA:12,1,1,0
BRDA:12,2,0,1
BRF:5
BRH:2
end_of_record
TN:
SF:C:/Users/david/Documents/david's training/Project3/janus-webapp/client-side/src/app/services/chuck-norris.service.ts
FN:7,(anonymous_4)
FN:13,ChuckNorrisService
FN:17,(anonymous_6)
FN:20,(anonymous_7)
FN:24,(anonymous_8)
FN:27,(anonymous_9)
FNF:6
FNH:1
FNDA:1,(anonymous_4)
FNDA:0,ChuckNorrisService
FNDA:0,(anonymous_6)
FNDA:0,(anonymous_7)
FNDA:0,(anonymous_8)
FNDA:0,(anonymous_9)
DA:1,1
DA:2,1
DA:3,1
DA:7,1
DA:9,0
DA:11,0
DA:13,0
DA:14,0
DA:17,1
DA:18,0
DA:20,0
DA:25,0
DA:33,1
LF:13
LH:6
BRDA:13,0,0,1
BRDA:13,0,1,0
BRDA:13,1,0,1
BRF:3
BRH:2
end_of_record
TN:
SF:C:/Users/david/Documents/david's training/Project3/janus-webapp/client-side/src/app/services/hydra-batch-util.service.ts
FN:5,(anonymous_2)
FN:7,HydraBatchUtilService
FN:14,(anonymous_4)
FNF:3
FNH:1
FNDA:1,(anonymous_2)
FNDA:0,HydraBatchUtilService
FNDA:0,(anonymous_4)
DA:1,1
DA:5,1
DA:14,1
DA:15,0
DA:20,1
LF:5
LH:4
BRF:0
BRH:0
end_of_record
TN:
SF:C:/Users/david/Documents/david's training/Project3/janus-webapp/client-side/src/environments/environment.ts
FN:17,(anonymous_0)
FN:18,(anonymous_1)
FN:19,(anonymous_2)
FN:20,(anonymous_3)
FN:24,(anonymous_4)
FN:25,(anonymous_5)
FN:26,(anonymous_6)
FN:27,(anonymous_7)
FN:28,(anonymous_8)
FN:32,(anonymous_9)
FN:33,(anonymous_10)
FN:34,(anonymous_11)
FN:35,(anonymous_12)
FN:36,(anonymous_13)
FN:40,(anonymous_14)
FN:41,(anonymous_15)
FN:42,(anonymous_16)
FN:46,(anonymous_17)
FN:47,(anonymous_18)
FN:48,(anonymous_19)
FN:49,(anonymous_20)
FN:50,(anonymous_21)
FN:51,(anonymous_22)
FN:52,(anonymous_23)
FN:53,(anonymous_24)
FN:54,(anonymous_25)
FN:55,(anonymous_26)
FN:59,(anonymous_27)
FN:60,(anonymous_28)
FN:61,(anonymous_29)
FN:62,(anonymous_30)
FN:63,(anonymous_31)
FN:67,(anonymous_32)
FN:68,(anonymous_33)
FN:69,(anonymous_34)
FN:73,(anonymous_35)
FN:77,(anonymous_36)
FN:81,(anonymous_37)
FN:82,(anonymous_38)
FN:83,(anonymous_39)
FN:84,(anonymous_40)
FN:88,(anonymous_41)
FN:89,(anonymous_42)
FN:90,(anonymous_43)
FN:91,(anonymous_44)
FN:92,(anonymous_45)
FN:93,(anonymous_46)
FN:97,(anonymous_47)
FN:101,(anonymous_48)
FN:130,(anonymous_49)
FN:133,(anonymous_50)
FN:136,(anonymous_51)
FN:139,(anonymous_52)
FN:142,(anonymous_53)
FN:145,(anonymous_54)
FN:148,(anonymous_55)
FN:151,(anonymous_56)
FN:154,(anonymous_57)
FN:157,(anonymous_58)
FN:160,(anonymous_59)
FN:163,(anonymous_60)
FN:169,(anonymous_61)
FN:172,(anonymous_62)
FN:175,(anonymous_63)
FN:178,(anonymous_64)
FN:181,(anonymous_65)
FN:184,(anonymous_66)
FN:187,(anonymous_67)
FN:191,(anonymous_68)
FN:194,(anonymous_69)
FNF:70
FNH:0
FNDA:0,(anonymous_0)
FNDA:0,(anonymous_1)
FNDA:0,(anonymous_2)
FNDA:0,(anonymous_3)
FNDA:0,(anonymous_4)
FNDA:0,(anonymous_5)
FNDA:0,(anonymous_6)
FNDA:0,(anonymous_7)
FNDA:0,(anonymous_8)
FNDA:0,(anonymous_9)
FNDA:0,(anonymous_10)
FNDA:0,(anonymous_11)
FNDA:0,(anonymous_12)
FNDA:0,(anonymous_13)
FNDA:0,(anonymous_14)
FNDA:0,(anonymous_15)
FNDA:0,(anonymous_16)
FNDA:0,(anonymous_17)
FNDA:0,(anonymous_18)
FNDA:0,(anonymous_19)
FNDA:0,(anonymous_20)
FNDA:0,(anonymous_21)
FNDA:0,(anonymous_22)
FNDA:0,(anonymous_23)
FNDA:0,(anonymous_24)
FNDA:0,(anonymous_25)
FNDA:0,(anonymous_26)
FNDA:0,(anonymous_27)
FNDA:0,(anonymous_28)
FNDA:0,(anonymous_29)
FNDA:0,(anonymous_30)
FNDA:0,(anonymous_31)
FNDA:0,(anonymous_32)
FNDA:0,(anonymous_33)
FNDA:0,(anonymous_34)
FNDA:0,(anonymous_35)
FNDA:0,(anonymous_36)
FNDA:0,(anonymous_37)
FNDA:0,(anonymous_38)
FNDA:0,(anonymous_39)
FNDA:0,(anonymous_40)
FNDA:0,(anonymous_41)
FNDA:0,(anonymous_42)
FNDA:0,(anonymous_43)
FNDA:0,(anonymous_44)
FNDA:0,(anonymous_45)
FNDA:0,(anonymous_46)
FNDA:0,(anonymous_47)
FNDA:0,(anonymous_48)
FNDA:0,(anonymous_49)
FNDA:0,(anonymous_50)
FNDA:0,(anonymous_51)
FNDA:0,(anonymous_52)
FNDA:0,(anonymous_53)
FNDA:0,(anonymous_54)
FNDA:0,(anonymous_55)
FNDA:0,(anonymous_56)
FNDA:0,(anonymous_57)
FNDA:0,(anonymous_58)
FNDA:0,(anonymous_59)
FNDA:0,(anonymous_60)
FNDA:0,(anonymous_61)
FNDA:0,(anonymous_62)
FNDA:0,(anonymous_63)
FNDA:0,(anonymous_64)
FNDA:0,(anonymous_65)
FNDA:0,(anonymous_66)
FNDA:0,(anonymous_67)
FNDA:0,(anonymous_68)
FNDA:0,(anonymous_69)
DA:5,1
DA:6,1
DA:7,1
DA:17,0
DA:18,0
DA:19,0
DA:20,0
DA:24,0
DA:25,0
DA:26,0
DA:27,0
DA:28,0
DA:32,0
DA:33,0
DA:34,0
DA:35,0
DA:36,0
DA:40,0
DA:41,0
DA:42,0
DA:46,0
DA:47,0
DA:48,0
DA:49,0
DA:50,0
DA:51,0
DA:52,0
DA:53,0
DA:54,0
DA:55,0
DA:59,0
DA:60,0
DA:61,0
DA:62,0
DA:63,0
DA:67,0
DA:68,0
DA:69,0
DA:73,0
DA:77,0
DA:81,0
DA:82,0
DA:83,0
DA:84,0
DA:88,0
DA:89,0
DA:90,0
DA:91,0
DA:92,0
DA:93,0
DA:97,0
DA:101,0
DA:131,0
DA:134,0
DA:137,0
DA:140,0
DA:143,0
DA:146,0
DA:149,0
DA:152,0
DA:155,0
DA:158,0
DA:161,0
DA:164,0
DA:170,0
DA:173,0
DA:176,0
DA:179,0
DA:182,0
DA:185,0
DA:188,0
DA:192,0
DA:195,0
LF:73
LH:3
BRF:0
BRH:0
end_of_record
TN:
SF:C:/Users/david/Documents/david's training/Project3/janus-webapp/client-side/src/environments/janusGlobal.ts
FNF:0
FNH:0
DA:4,1
LF:1
LH:1
BRF:0
BRH:0
end_of_record
