TN:
SF:C:/Users/canno/my_git_repos/All-Revalution/janus-webapp/client-side/src/polyfills.ts
FNF:0
FNH:0
DA:41,1
DA:42,1
DA:56,1
LF:3
LH:3
BRF:0
BRH:0
end_of_record
TN:
SF:C:/Users/canno/my_git_repos/All-Revalution/janus-webapp/client-side/src/test.ts
FN:20,(anonymous_0)
FNF:1
FNH:1
FNDA:1,(anonymous_0)
DA:3,1
DA:4,1
DA:5,1
DA:6,1
DA:7,1
DA:8,1
DA:9,1
DA:10,1
DA:20,1
DA:23,1
DA:28,1
DA:30,1
DA:32,1
LF:13
LH:13
BRF:0
BRH:0
end_of_record
TN:
SF:C:/Users/canno/my_git_repos/All-Revalution/janus-webapp/client-side/src/app/portals/Track-Force/components/client-mapped/client-mapped.component.ts
FN:15,(anonymous_2)
FN:76,ClientMappedComponent
FN:94,(anonymous_4)
FN:117,(anonymous_5)
FN:159,(anonymous_6)
FN:187,(anonymous_7)
FN:192,(anonymous_8)
FNF:7
FNH:5
FNDA:1,(anonymous_2)
FNDA:7,ClientMappedComponent
FNDA:8,(anonymous_4)
FNDA:8,(anonymous_5)
FNDA:11,(anonymous_6)
FNDA:0,(anonymous_7)
FNDA:0,(anonymous_8)
DA:1,1
DA:2,1
DA:3,1
DA:4,1
DA:6,1
DA:15,1
DA:69,7
DA:76,7
DA:77,7
DA:94,8
DA:98,8
DA:99,8
DA:101,8
DA:102,0
DA:103,8
DA:104,0
DA:105,8
DA:106,0
DA:107,8
DA:108,0
DA:111,8
DA:114,8
DA:117,8
DA:126,8
DA:127,8
DA:128,8
DA:131,8
DA:132,24
DA:133,24
DA:134,24
DA:135,24
DA:137,24
DA:138,0
DA:140,24
DA:142,24
DA:148,8
DA:149,8
DA:159,1
DA:160,11
DA:163,11
DA:164,9
DA:169,9
DA:170,9
DA:172,2
DA:174,2
DA:180,2
DA:181,2
DA:187,1
DA:188,0
DA:189,0
DA:192,1
DA:193,0
DA:195,1
LF:53
LH:45
BRDA:101,0,0,0
BRDA:101,0,1,8
BRDA:103,1,0,0
BRDA:103,1,1,8
BRDA:105,2,0,0
BRDA:105,2,1,8
BRDA:107,3,0,0
BRDA:107,3,1,8
BRDA:132,4,0,24
BRDA:132,4,1,0
BRDA:135,5,0,24
BRDA:135,5,1,0
BRDA:137,6,0,0
BRDA:137,6,1,24
BRDA:163,7,0,9
BRDA:163,7,1,2
BRDA:169,8,0,9
BRDA:169,8,1,0
BRDA:172,9,0,2
BRDA:172,9,1,0
BRDA:172,10,0,2
BRDA:172,10,1,1
BRDA:180,11,0,2
BRDA:180,11,1,0
BRDA:76,12,0,1
BRDA:76,12,1,0
BRDA:76,13,0,1
BRDA:76,14,0,1
BRDA:76,14,1,1
BRDA:76,14,2,0
BRDA:76,15,0,1
BRDA:76,15,1,1
BRF:32
BRH:20
end_of_record
TN:
SF:C:/Users/canno/my_git_repos/All-Revalution/janus-webapp/client-side/src/app/portals/Track-Force/components/home/home.component.ts
FN:21,(anonymous_2)
FN:61,HomeComponent
FN:63,(anonymous_4)
FN:67,(anonymous_5)
FN:69,(anonymous_6)
FN:149,(anonymous_7)
FN:164,(anonymous_8)
FN:176,(anonymous_9)
FN:178,(anonymous_10)
FN:182,(anonymous_11)
FN:192,(anonymous_12)
FN:194,(anonymous_13)
FN:198,(anonymous_14)
FN:209,(anonymous_15)
FN:211,(anonymous_16)
FN:215,(anonymous_17)
FN:230,(anonymous_18)
FN:231,(anonymous_19)
FN:245,(anonymous_20)
FN:246,(anonymous_21)
FN:250,(anonymous_22)
FN:262,(anonymous_23)
FN:263,(anonymous_24)
FN:275,(anonymous_25)
FN:285,(anonymous_26)
FN:289,(anonymous_27)
FN:293,(anonymous_28)
FN:297,(anonymous_29)
FN:301,(anonymous_30)
FN:305,(anonymous_31)
FNF:30
FNH:1
FNDA:1,(anonymous_2)
FNDA:0,HomeComponent
FNDA:0,(anonymous_4)
FNDA:0,(anonymous_5)
FNDA:0,(anonymous_6)
FNDA:0,(anonymous_7)
FNDA:0,(anonymous_8)
FNDA:0,(anonymous_9)
FNDA:0,(anonymous_10)
FNDA:0,(anonymous_11)
FNDA:0,(anonymous_12)
FNDA:0,(anonymous_13)
FNDA:0,(anonymous_14)
FNDA:0,(anonymous_15)
FNDA:0,(anonymous_16)
FNDA:0,(anonymous_17)
FNDA:0,(anonymous_18)
FNDA:0,(anonymous_19)
FNDA:0,(anonymous_20)
FNDA:0,(anonymous_21)
FNDA:0,(anonymous_22)
FNDA:0,(anonymous_23)
FNDA:0,(anonymous_24)
FNDA:0,(anonymous_25)
FNDA:0,(anonymous_26)
FNDA:0,(anonymous_27)
FNDA:0,(anonymous_28)
FNDA:0,(anonymous_29)
FNDA:0,(anonymous_30)
FNDA:0,(anonymous_31)
DA:1,1
DA:2,1
DA:3,1
DA:6,1
DA:7,1
DA:8,1
DA:9,1
DA:10,1
DA:11,1
DA:13,1
DA:21,1
DA:30,0
DA:31,0
DA:34,0
DA:35,0
DA:36,0
DA:37,0
DA:39,0
DA:40,0
DA:41,0
DA:43,0
DA:44,0
DA:45,0
DA:46,0
DA:48,0
DA:50,0
DA:51,0
DA:52,0
DA:53,0
DA:56,0
DA:57,0
DA:58,0
DA:59,0
DA:61,0
DA:63,1
DA:64,0
DA:67,1
DA:68,0
DA:69,0
DA:70,0
DA:79,0
DA:87,0
DA:99,0
DA:103,0
DA:115,0
DA:119,0
DA:129,0
DA:131,0
DA:132,0
DA:133,0
DA:134,0
DA:135,0
DA:136,0
DA:149,1
DA:150,0
DA:151,0
DA:152,0
DA:164,1
DA:165,0
DA:166,0
DA:167,0
DA:176,1
DA:177,0
DA:178,0
DA:179,0
DA:180,0
DA:183,0
DA:192,1
DA:193,0
DA:194,0
DA:195,0
DA:196,0
DA:199,0
DA:209,1
DA:210,0
DA:211,0
DA:212,0
DA:213,0
DA:216,0
DA:230,1
DA:231,0
DA:232,0
DA:233,0
DA:245,1
DA:246,0
DA:251,0
DA:262,1
DA:263,0
DA:266,0
DA:267,0
DA:268,0
DA:269,0
DA:270,0
DA:271,0
DA:274,0
DA:278,0
DA:285,1
DA:286,0
DA:289,1
DA:290,0
DA:293,1
DA:294,0
DA:297,1
DA:298,0
DA:301,1
DA:302,0
DA:305,1
DA:306,0
DA:308,1
LF:109
LH:28
BRDA:150,0,0,0
BRDA:150,0,1,0
BRDA:165,1,0,0
BRDA:165,1,1,0
BRDA:61,2,0,1
BRDA:61,2,1,0
BRDA:61,3,0,1
BRDA:61,4,0,1
BRDA:61,4,1,1
BRDA:61,4,2,0
BRDA:61,5,0,1
BRDA:61,5,1,1
BRDA:61,6,0,1
BRDA:61,6,1,1
BRDA:61,6,2,0
BRDA:61,7,0,1
BRDA:61,7,1,1
BRF:17
BRH:10
end_of_record
TN:
SF:C:/Users/canno/my_git_repos/All-Revalution/janus-webapp/client-side/src/app/portals/Track-Force/components/navbar/navbar.component.ts
FN:11,(anonymous_2)
FN:17,NavbarComponent
FN:19,(anonymous_4)
FNF:3
FNH:3
FNDA:1,(anonymous_2)
FNDA:7,NavbarComponent
FNDA:7,(anonymous_4)
DA:1,1
DA:2,1
DA:3,1
DA:11,1
DA:17,7
DA:19,1
DA:42,1
LF:7
LH:7
BRDA:17,0,0,1
BRDA:17,0,1,0
BRDA:17,1,0,1
BRDA:17,2,0,1
BRDA:17,2,1,1
BRDA:17,2,2,0
BRDA:17,3,0,1
BRDA:17,3,1,1
BRF:8
BRH:6
end_of_record
TN:
SF:C:/Users/canno/my_git_repos/All-Revalution/janus-webapp/client-side/src/app/portals/Track-Force/components/root/root.component.ts
FN:8,(anonymous_2)
FN:11,RootComponent
FN:13,(anonymous_4)
FNF:3
FNH:1
FNDA:1,(anonymous_2)
FNDA:0,RootComponent
FNDA:0,(anonymous_4)
DA:1,1
DA:8,1
DA:9,0
DA:13,1
DA:15,1
LF:5
LH:4
BRF:0
BRH:0
end_of_record
TN:
SF:C:/Users/canno/my_git_repos/All-Revalution/janus-webapp/client-side/src/app/portals/Track-Force/constants/selected-status.constants.ts
FN:1,(anonymous_0)
FNF:1
FNH:1
FNDA:1,(anonymous_0)
DA:1,1
DA:2,1
DA:3,1
DA:4,1
DA:5,1
DA:6,1
DA:7,1
DA:8,1
DA:9,1
DA:10,1
DA:12,1
DA:13,1
DA:14,1
DA:15,1
DA:16,1
DA:17,1
DA:18,1
DA:19,1
DA:21,1
DA:27,1
DA:33,1
DA:36,1
DA:40,1
DA:46,1
LF:24
LH:24
BRF:0
BRH:0
end_of_record
TN:
SF:C:/Users/canno/my_git_repos/All-Revalution/janus-webapp/client-side/src/app/portals/Track-Force/constants/theme.constants.ts
FN:6,(anonymous_0)
FNF:1
FNH:1
FNDA:1,(anonymous_0)
DA:6,1
DA:7,1
DA:8,1
DA:10,1
DA:12,1
DA:14,1
DA:15,1
DA:20,1
LF:8
LH:8
BRF:0
BRH:0
end_of_record
TN:
SF:C:/Users/canno/my_git_repos/All-Revalution/janus-webapp/client-side/src/app/portals/Track-Force/decorators/auto-unsubscribe.decorator.ts
FN:10,AutoUnsubscribe
FN:16,(anonymous_1)
FNF:2
FNH:2
FNDA:1,AutoUnsubscribe
FNDA:6,(anonymous_1)
DA:10,1
DA:13,1
DA:16,1
DA:18,6
DA:19,78
DA:21,78
DA:23,0
LF:7
LH:6
BRDA:21,0,0,0
BRDA:21,0,1,78
BRDA:21,1,0,78
BRDA:21,1,1,72
BRF:4
BRH:3
end_of_record
TN:
SF:C:/Users/canno/my_git_repos/All-Revalution/janus-webapp/client-side/src/app/portals/Track-Force/models/clientMapped.model.ts
FN:1,(anonymous_0)
FNF:1
FNH:1
FNDA:4,(anonymous_0)
DA:1,1
DA:4,1
LF:2
LH:2
BRF:0
BRH:0
end_of_record
TN:
SF:C:/Users/canno/my_git_repos/All-Revalution/janus-webapp/client-side/src/app/portals/Track-Force/models/ng2-charts-options.model.ts
FN:9,(anonymous_0)
FN:15,SideValues
FN:27,(anonymous_2)
FN:34,ChartOptions
FN:48,(anonymous_4)
FN:69,(anonymous_5)
FN:82,(anonymous_6)
FNF:7
FNH:2
FNDA:1,(anonymous_0)
FNDA:0,SideValues
FNDA:1,(anonymous_2)
FNDA:0,ChartOptions
FNDA:0,(anonymous_4)
FNDA:0,(anonymous_5)
FNDA:0,(anonymous_6)
DA:9,1
DA:16,0
DA:17,0
DA:18,0
DA:19,0
DA:21,1
DA:27,1
DA:48,1
DA:52,0
DA:53,0
DA:54,0
DA:55,0
DA:56,0
DA:57,0
DA:69,1
DA:70,0
DA:71,0
DA:72,0
DA:73,0
DA:82,1
DA:83,0
DA:84,0
DA:85,0
DA:87,1
LF:24
LH:7
BRF:0
BRH:0
end_of_record
TN:
SF:C:/Users/canno/my_git_repos/All-Revalution/janus-webapp/client-side/src/app/portals/Track-Force/models/user.model.ts
FN:6,(anonymous_0)
FNF:1
FNH:1
FNDA:2,(anonymous_0)
DA:6,1
DA:12,1
LF:2
LH:2
BRF:0
BRH:0
end_of_record
TN:
SF:C:/Users/canno/my_git_repos/All-Revalution/janus-webapp/client-side/src/app/portals/Track-Force/services/authentication-service/authentication.service.ts
FN:15,(anonymous_2)
FN:24,AuthenticationService
FN:39,(anonymous_4)
FN:41,(anonymous_5)
FN:55,(anonymous_6)
FN:63,(anonymous_7)
FNF:6
FNH:2
FNDA:1,(anonymous_2)
FNDA:1,AuthenticationService
FNDA:0,(anonymous_4)
FNDA:0,(anonymous_5)
FNDA:0,(anonymous_6)
FNDA:0,(anonymous_7)
DA:5,1
DA:7,1
DA:8,1
DA:10,1
DA:12,1
DA:15,1
DA:24,1
DA:39,1
DA:40,0
DA:42,0
DA:43,0
DA:45,0
DA:55,1
DA:56,0
DA:57,0
DA:63,1
DA:64,0
DA:65,0
DA:68,1
LF:19
LH:11
BRDA:42,0,0,0
BRDA:42,0,1,0
BRDA:24,1,0,1
BRDA:24,1,1,0
BRDA:24,2,0,1
BRDA:24,3,0,1
BRDA:24,3,1,1
BRDA:24,3,2,0
BRDA:24,4,0,1
BRDA:24,4,1,1
BRF:10
BRH:6
end_of_record
TN:
SF:C:/Users/canno/my_git_repos/All-Revalution/janus-webapp/client-side/src/app/portals/Track-Force/services/client-mapped-service/client-mapped-service.ts
FN:8,(anonymous_2)
FN:9,ClientMappedService
FN:17,(anonymous_4)
FNF:3
FNH:2
FNDA:1,(anonymous_2)
FNDA:1,ClientMappedService
FNDA:0,(anonymous_4)
DA:1,1
DA:2,1
DA:3,1
DA:8,1
DA:9,1
DA:17,1
DA:20,0
DA:22,1
LF:8
LH:7
BRDA:9,0,0,1
BRDA:9,0,1,0
BRDA:9,1,0,1
BRF:3
BRH:2
end_of_record
TN:
SF:C:/Users/canno/my_git_repos/All-Revalution/janus-webapp/client-side/src/app/portals/Track-Force/services/datasync-service/data-sync.service.ts
FN:43,(anonymous_2)
FN:57,DataSyncService
FN:63,(anonymous_4)
FN:73,(anonymous_5)
FN:98,(anonymous_6)
FN:103,(anonymous_7)
FN:104,(anonymous_8)
FN:109,(anonymous_9)
FN:114,(anonymous_10)
FN:115,(anonymous_11)
FN:120,(anonymous_12)
FN:125,(anonymous_13)
FN:126,(anonymous_14)
FN:131,(anonymous_15)
FN:136,(anonymous_16)
FN:137,(anonymous_17)
FN:142,(anonymous_18)
FN:147,(anonymous_19)
FN:148,(anonymous_20)
FN:153,(anonymous_21)
FN:155,(anonymous_22)
FN:159,(anonymous_23)
FN:160,(anonymous_24)
FNF:23
FNH:1
FNDA:1,(anonymous_2)
FNDA:0,DataSyncService
FNDA:0,(anonymous_4)
FNDA:0,(anonymous_5)
FNDA:0,(anonymous_6)
FNDA:0,(anonymous_7)
FNDA:0,(anonymous_8)
FNDA:0,(anonymous_9)
FNDA:0,(anonymous_10)
FNDA:0,(anonymous_11)
FNDA:0,(anonymous_12)
FNDA:0,(anonymous_13)
FNDA:0,(anonymous_14)
FNDA:0,(anonymous_15)
FNDA:0,(anonymous_16)
FNDA:0,(anonymous_17)
FNDA:0,(anonymous_18)
FNDA:0,(anonymous_19)
FNDA:0,(anonymous_20)
FNDA:0,(anonymous_21)
FNDA:0,(anonymous_22)
FNDA:0,(anonymous_23)
FNDA:0,(anonymous_24)
DA:1,1
DA:7,1
DA:10,1
DA:30,1
DA:31,1
DA:32,1
DA:33,1
DA:34,1
DA:36,1
DA:37,1
DA:38,1
DA:39,1
DA:40,1
DA:43,1
DA:46,0
DA:57,0
DA:60,0
DA:63,1
DA:73,1
DA:82,0
DA:83,0
DA:84,0
DA:85,0
DA:86,0
DA:87,0
DA:98,1
DA:99,0
DA:103,1
DA:104,0
DA:109,1
DA:110,0
DA:114,1
DA:115,0
DA:120,1
DA:121,0
DA:125,1
DA:126,0
DA:131,1
DA:132,0
DA:136,1
DA:137,0
DA:142,1
DA:143,0
DA:147,1
DA:148,0
DA:153,1
DA:154,0
DA:155,0
DA:159,1
DA:160,0
DA:161,0
DA:165,1
LF:52
LH:29
BRDA:57,0,0,1
BRDA:57,0,1,0
BRDA:57,1,0,1
BRF:3
BRH:2
end_of_record
TN:
SF:C:/Users/canno/my_git_repos/All-Revalution/janus-webapp/client-side/src/app/portals/Track-Force/services/request-service/request.service.ts
FN:8,(anonymous_2)
FN:14,RequestService
FN:16,(anonymous_4)
FN:20,(anonymous_5)
FN:24,(anonymous_6)
FN:28,(anonymous_7)
FN:32,(anonymous_8)
FN:36,(anonymous_9)
FN:40,(anonymous_10)
FN:44,(anonymous_11)
FN:48,(anonymous_12)
FN:52,(anonymous_13)
FN:56,(anonymous_14)
FN:60,(anonymous_15)
FN:64,(anonymous_16)
FN:68,(anonymous_17)
FN:72,(anonymous_18)
FN:76,(anonymous_19)
FN:81,(anonymous_20)
FNF:19
FNH:1
FNDA:1,(anonymous_2)
FNDA:0,RequestService
FNDA:0,(anonymous_4)
FNDA:0,(anonymous_5)
FNDA:0,(anonymous_6)
FNDA:0,(anonymous_7)
FNDA:0,(anonymous_8)
FNDA:0,(anonymous_9)
FNDA:0,(anonymous_10)
FNDA:0,(anonymous_11)
FNDA:0,(anonymous_12)
FNDA:0,(anonymous_13)
FNDA:0,(anonymous_14)
FNDA:0,(anonymous_15)
FNDA:0,(anonymous_16)
FNDA:0,(anonymous_17)
FNDA:0,(anonymous_18)
FNDA:0,(anonymous_19)
FNDA:0,(anonymous_20)
DA:1,1
DA:2,1
DA:5,1
DA:8,1
DA:10,0
DA:11,0
DA:12,0
DA:14,0
DA:16,1
DA:17,0
DA:20,1
DA:21,0
DA:24,1
DA:25,0
DA:28,1
DA:29,0
DA:32,1
DA:33,0
DA:36,1
DA:37,0
DA:40,1
DA:41,0
DA:44,1
DA:45,0
DA:48,1
DA:49,0
DA:52,1
DA:53,0
DA:56,1
DA:57,0
DA:60,1
DA:61,0
DA:64,1
DA:65,0
DA:68,1
DA:69,0
DA:72,1
DA:73,0
DA:76,1
DA:77,0
DA:81,1
DA:82,0
DA:85,1
LF:43
LH:22
BRDA:14,0,0,1
BRDA:14,0,1,0
BRDA:14,1,0,1
BRF:3
BRH:2
end_of_record
TN:
SF:C:/Users/canno/my_git_repos/All-Revalution/janus-webapp/client-side/src/environments/environment.ts
FN:17,(anonymous_0)
FN:18,(anonymous_1)
FN:19,(anonymous_2)
FN:20,(anonymous_3)
FN:24,(anonymous_4)
FN:25,(anonymous_5)
FN:26,(anonymous_6)
FN:27,(anonymous_7)
FN:28,(anonymous_8)
FN:32,(anonymous_9)
FN:33,(anonymous_10)
FN:34,(anonymous_11)
FN:35,(anonymous_12)
FN:36,(anonymous_13)
FN:40,(anonymous_14)
FN:41,(anonymous_15)
FN:42,(anonymous_16)
FN:46,(anonymous_17)
FN:47,(anonymous_18)
FN:48,(anonymous_19)
FN:49,(anonymous_20)
FN:50,(anonymous_21)
FN:51,(anonymous_22)
FN:52,(anonymous_23)
FN:53,(anonymous_24)
FN:54,(anonymous_25)
FN:55,(anonymous_26)
FN:59,(anonymous_27)
FN:60,(anonymous_28)
FN:61,(anonymous_29)
FN:62,(anonymous_30)
FN:63,(anonymous_31)
FN:67,(anonymous_32)
FN:68,(anonymous_33)
FN:69,(anonymous_34)
FN:73,(anonymous_35)
FN:77,(anonymous_36)
FN:81,(anonymous_37)
FN:82,(anonymous_38)
FN:83,(anonymous_39)
FN:84,(anonymous_40)
FN:88,(anonymous_41)
FN:89,(anonymous_42)
FN:90,(anonymous_43)
FN:91,(anonymous_44)
FN:92,(anonymous_45)
FN:93,(anonymous_46)
FN:97,(anonymous_47)
FN:101,(anonymous_48)
FN:130,(anonymous_49)
FN:133,(anonymous_50)
FN:136,(anonymous_51)
FN:139,(anonymous_52)
FN:142,(anonymous_53)
FN:145,(anonymous_54)
FN:148,(anonymous_55)
FN:151,(anonymous_56)
FN:154,(anonymous_57)
FN:157,(anonymous_58)
FN:160,(anonymous_59)
FN:163,(anonymous_60)
FN:169,(anonymous_61)
FN:172,(anonymous_62)
FN:175,(anonymous_63)
FN:178,(anonymous_64)
FN:181,(anonymous_65)
FN:184,(anonymous_66)
FN:187,(anonymous_67)
FN:191,(anonymous_68)
FN:194,(anonymous_69)
FNF:70
FNH:0
FNDA:0,(anonymous_0)
FNDA:0,(anonymous_1)
FNDA:0,(anonymous_2)
FNDA:0,(anonymous_3)
FNDA:0,(anonymous_4)
FNDA:0,(anonymous_5)
FNDA:0,(anonymous_6)
FNDA:0,(anonymous_7)
FNDA:0,(anonymous_8)
FNDA:0,(anonymous_9)
FNDA:0,(anonymous_10)
FNDA:0,(anonymous_11)
FNDA:0,(anonymous_12)
FNDA:0,(anonymous_13)
FNDA:0,(anonymous_14)
FNDA:0,(anonymous_15)
FNDA:0,(anonymous_16)
FNDA:0,(anonymous_17)
FNDA:0,(anonymous_18)
FNDA:0,(anonymous_19)
FNDA:0,(anonymous_20)
FNDA:0,(anonymous_21)
FNDA:0,(anonymous_22)
FNDA:0,(anonymous_23)
FNDA:0,(anonymous_24)
FNDA:0,(anonymous_25)
FNDA:0,(anonymous_26)
FNDA:0,(anonymous_27)
FNDA:0,(anonymous_28)
FNDA:0,(anonymous_29)
FNDA:0,(anonymous_30)
FNDA:0,(anonymous_31)
FNDA:0,(anonymous_32)
FNDA:0,(anonymous_33)
FNDA:0,(anonymous_34)
FNDA:0,(anonymous_35)
FNDA:0,(anonymous_36)
FNDA:0,(anonymous_37)
FNDA:0,(anonymous_38)
FNDA:0,(anonymous_39)
FNDA:0,(anonymous_40)
FNDA:0,(anonymous_41)
FNDA:0,(anonymous_42)
FNDA:0,(anonymous_43)
FNDA:0,(anonymous_44)
FNDA:0,(anonymous_45)
FNDA:0,(anonymous_46)
FNDA:0,(anonymous_47)
FNDA:0,(anonymous_48)
FNDA:0,(anonymous_49)
FNDA:0,(anonymous_50)
FNDA:0,(anonymous_51)
FNDA:0,(anonymous_52)
FNDA:0,(anonymous_53)
FNDA:0,(anonymous_54)
FNDA:0,(anonymous_55)
FNDA:0,(anonymous_56)
FNDA:0,(anonymous_57)
FNDA:0,(anonymous_58)
FNDA:0,(anonymous_59)
FNDA:0,(anonymous_60)
FNDA:0,(anonymous_61)
FNDA:0,(anonymous_62)
FNDA:0,(anonymous_63)
FNDA:0,(anonymous_64)
FNDA:0,(anonymous_65)
FNDA:0,(anonymous_66)
FNDA:0,(anonymous_67)
FNDA:0,(anonymous_68)
FNDA:0,(anonymous_69)
DA:5,1
DA:6,1
DA:7,1
DA:17,0
DA:18,0
DA:19,0
DA:20,0
DA:24,0
DA:25,0
DA:26,0
DA:27,0
DA:28,0
DA:32,0
DA:33,0
DA:34,0
DA:35,0
DA:36,0
DA:40,0
DA:41,0
DA:42,0
DA:46,0
DA:47,0
DA:48,0
DA:49,0
DA:50,0
DA:51,0
DA:52,0
DA:53,0
DA:54,0
DA:55,0
DA:59,0
DA:60,0
DA:61,0
DA:62,0
DA:63,0
DA:67,0
DA:68,0
DA:69,0
DA:73,0
DA:77,0
DA:81,0
DA:82,0
DA:83,0
DA:84,0
DA:88,0
DA:89,0
DA:90,0
DA:91,0
DA:92,0
DA:93,0
DA:97,0
DA:101,0
DA:131,0
DA:134,0
DA:137,0
DA:140,0
DA:143,0
DA:146,0
DA:149,0
DA:152,0
DA:155,0
DA:158,0
DA:161,0
DA:164,0
DA:170,0
DA:173,0
DA:176,0
DA:179,0
DA:182,0
DA:185,0
DA:188,0
DA:192,0
DA:195,0
LF:73
LH:3
BRF:0
BRH:0
end_of_record
